2020-02-06 19:53:58,590 - douyin_phone_multiprocessing - INFO - 连接手机..............................................................7460300e
2020-02-06 19:54:08,572 - douyin_phone_multiprocessing - INFO - 连接手机..............................................................7460300e
2020-02-06 19:54:18,794 - douyin_phone_multiprocessing - INFO - 程序初始化......................................................................
2020-02-06 19:55:10,663 - douyin_phone_multiprocessing - INFO - 连接手机..............................................................7460300e
2020-02-06 19:55:13,063 - douyin_phone_multiprocessing - INFO - 程序初始化......................................................................
2020-02-06 19:55:25,350 - douyin_phone_multiprocessing - INFO - 启动抖音程序....................................................................
2020-02-06 19:55:26,982 - douyin_phone_multiprocessing - INFO - 第0个视频..................................................................
2020-02-06 19:55:26,982 - douyin_phone_multiprocessing - INFO - 点击回复按钮....................................................................
2020-02-06 19:55:28,749 - douyin_phone_multiprocessing - INFO - str_ping_lun_total............................................------>:34
2020-02-06 19:55:28,749 - douyin_phone_multiprocessing - INFO - 留言数量是...............................................................--->:34
2020-02-06 19:55:28,749 - douyin_phone_multiprocessing - INFO - 第0个有用户留言..................................................................
2020-02-06 19:55:36,541 - douyin_phone_multiprocessing - INFO - 关注第0个有用户......................................................
2020-02-06 19:55:38,865 - douyin_phone_multiprocessing - INFO - 私信第0个有用户不成功................................................
2020-02-06 19:55:38,865 - douyin_phone_multiprocessing - INFO - 返回操作..............................................................
2020-02-06 19:55:38,865 - douyin_phone_multiprocessing - INFO - 点击第0个用户出现异常...........................continue....................
2020-02-06 19:55:38,865 - douyin_phone_multiprocessing - ERROR - click() missing 1 required positional argument: 'y'
2020-02-06 19:55:38,865 - douyin_phone_multiprocessing - INFO - 第1个有用户留言..................................................................
2020-02-06 19:56:09,629 - douyin_phone_multiprocessing - INFO - 连接手机..............................................................7460300e
2020-02-06 19:56:12,012 - douyin_phone_multiprocessing - INFO - 程序初始化......................................................................
2020-02-06 19:56:23,644 - douyin_phone_multiprocessing - INFO - 启动抖音程序....................................................................
2020-02-06 19:56:25,104 - douyin_phone_multiprocessing - INFO - 第0个视频..................................................................
2020-02-06 19:56:25,104 - douyin_phone_multiprocessing - INFO - 点击回复按钮....................................................................
2020-02-06 19:56:27,046 - douyin_phone_multiprocessing - INFO - str_ping_lun_total............................................------>:114
2020-02-06 19:56:27,061 - douyin_phone_multiprocessing - INFO - 留言数量是...............................................................--->:114
2020-02-06 19:56:27,061 - douyin_phone_multiprocessing - INFO - 第0个有用户留言..................................................................
2020-02-06 19:56:35,774 - douyin_phone_multiprocessing - INFO - 关注第0个有用户......................................................
2020-02-06 19:56:37,869 - douyin_phone_multiprocessing - INFO - 私信第0个有用户......................................................
2020-02-06 19:56:40,741 - douyin_phone_multiprocessing - INFO - 私信第0个用户......................................................
2020-02-06 19:56:44,136 - douyin_phone_multiprocessing - INFO - 返回操作..............................................................
2020-02-06 19:56:44,136 - douyin_phone_multiprocessing - INFO - 点击第0个用户出现异常...........................continue....................
2020-02-06 19:56:44,136 - douyin_phone_multiprocessing - ERROR - click() missing 1 required positional argument: 'y'
2020-02-06 19:56:44,136 - douyin_phone_multiprocessing - INFO - 第1个有用户留言..................................................................
2020-02-06 19:56:49,325 - douyin_phone_multiprocessing - INFO - 点击第1个用户出现异常...................................................
2020-02-06 19:56:49,325 - douyin_phone_multiprocessing - INFO - 第2个有用户留言..................................................................
2020-02-06 19:56:54,572 - douyin_phone_multiprocessing - INFO - 点击第2个用户出现异常...................................................
2020-02-06 19:56:54,572 - douyin_phone_multiprocessing - INFO - 第3个有用户留言..................................................................
2020-02-06 19:57:02,956 - douyin_phone_multiprocessing - INFO - 关注第3个有用户......................................................
2020-02-06 19:57:05,281 - douyin_phone_multiprocessing - INFO - 私信第3个有用户不成功................................................
2020-02-06 19:57:05,281 - douyin_phone_multiprocessing - INFO - 返回操作..............................................................
2020-02-06 19:57:05,281 - douyin_phone_multiprocessing - INFO - 点击第3个用户出现异常...........................continue....................
2020-02-06 19:57:05,281 - douyin_phone_multiprocessing - ERROR - click() missing 1 required positional argument: 'y'
2020-02-06 19:57:05,281 - douyin_phone_multiprocessing - INFO - 第4个有用户留言..................................................................
2020-02-06 19:57:57,289 - douyin_phone_multiprocessing - INFO - 连接手机..............................................................7460300e
2020-02-06 19:57:59,759 - douyin_phone_multiprocessing - INFO - 程序初始化......................................................................
2020-02-06 19:58:11,134 - douyin_phone_multiprocessing - INFO - 启动抖音程序....................................................................
2020-02-06 19:58:12,854 - douyin_phone_multiprocessing - INFO - 第0个视频..................................................................
2020-02-06 19:58:12,854 - douyin_phone_multiprocessing - INFO - 点击回复按钮....................................................................
2020-02-06 19:58:14,917 - douyin_phone_multiprocessing - INFO - str_ping_lun_total............................................------>:131
2020-02-06 19:58:14,917 - douyin_phone_multiprocessing - INFO - 留言数量是...............................................................--->:131
2020-02-06 19:58:14,917 - douyin_phone_multiprocessing - INFO - 第0个有用户留言..................................................................
2020-02-06 19:58:22,608 - douyin_phone_multiprocessing - INFO - 关注第0个有用户......................................................
2020-02-06 19:58:24,655 - douyin_phone_multiprocessing - INFO - 私信第0个有用户......................................................
2020-02-06 19:58:26,519 - douyin_phone_multiprocessing - INFO - 私信第0个用户......................................................
2020-02-06 19:58:29,974 - douyin_phone_multiprocessing - INFO - 返回操作..............................................................
2020-02-06 19:58:29,974 - douyin_phone_multiprocessing - INFO - 点击第0个用户出现异常...........................continue....................
2020-02-06 19:58:29,974 - douyin_phone_multiprocessing - ERROR - click() missing 1 required positional argument: 'y'
2020-02-06 19:58:29,974 - douyin_phone_multiprocessing - INFO - 第1个有用户留言..................................................................
2020-02-06 19:58:35,170 - douyin_phone_multiprocessing - INFO - 点击第1个用户出现异常...................................................
2020-02-06 19:58:35,170 - douyin_phone_multiprocessing - INFO - 第2个有用户留言..................................................................
2020-02-06 20:01:53,406 - douyin_phone_multiprocessing - INFO - 连接手机..............................................................7460300e
2020-02-06 20:01:56,248 - douyin_phone_multiprocessing - INFO - 程序初始化......................................................................
2020-02-06 20:02:03,892 - douyin_phone_multiprocessing - INFO - 连接手机..............................................................7460300e
2020-02-06 20:02:06,359 - douyin_phone_multiprocessing - INFO - 程序初始化......................................................................
2020-02-06 20:02:17,542 - douyin_phone_multiprocessing - INFO - 启动抖音程序....................................................................
2020-02-06 20:02:19,343 - douyin_phone_multiprocessing - INFO - 第0个视频..................................................................
2020-02-06 20:02:19,343 - douyin_phone_multiprocessing - INFO - 点击回复按钮....................................................................
2020-02-06 20:02:21,453 - douyin_phone_multiprocessing - INFO - str_ping_lun_total............................................------>:285
2020-02-06 20:02:21,453 - douyin_phone_multiprocessing - INFO - 留言数量是...............................................................--->:285
2020-02-06 20:02:21,453 - douyin_phone_multiprocessing - INFO - 第0个有用户留言..................................................................
2020-02-06 20:02:30,679 - douyin_phone_multiprocessing - INFO - 关注第0个有用户......................................................
2020-02-06 20:02:32,709 - douyin_phone_multiprocessing - INFO - 私信第0个有用户......................................................
2020-02-06 20:02:34,557 - douyin_phone_multiprocessing - INFO - 私信第0个用户......................................................
2020-02-06 20:02:38,074 - douyin_phone_multiprocessing - INFO - 返回操作..............................................................
2020-02-06 20:02:38,126 - douyin_phone_multiprocessing - INFO - 返回第0个用户关注页面...................................................
2020-02-06 20:02:38,126 - douyin_phone_multiprocessing - INFO - 返回操作..............................................................
2020-02-06 20:02:38,154 - douyin_phone_multiprocessing - INFO - 返回用户视频留言页面...................................................
2020-02-06 20:02:38,154 - douyin_phone_multiprocessing - INFO - 完成第0用户关注---------------------------------------------------------------end

2020-02-06 20:02:38,158 - douyin_phone_multiprocessing - INFO - 第1个有用户留言..................................................................
2020-02-06 20:02:43,355 - douyin_phone_multiprocessing - INFO - 点击第1个用户出现异常...................................................
2020-02-06 20:02:43,355 - douyin_phone_multiprocessing - INFO - 第2个有用户留言..................................................................
2020-02-06 20:07:28,405 - douyin_phone_multiprocessing - INFO - 连接手机..............................................................7460300e
2020-02-06 20:07:31,303 - douyin_phone_multiprocessing - INFO - 程序初始化......................................................................
2020-02-06 20:07:36,441 - douyin_phone_multiprocessing - INFO - 连接手机..............................................................7460300e
2020-02-06 20:07:38,992 - douyin_phone_multiprocessing - INFO - 程序初始化......................................................................
2020-02-06 20:07:50,098 - douyin_phone_multiprocessing - INFO - 启动抖音程序....................................................................
2020-02-06 20:07:54,583 - douyin_phone_multiprocessing - INFO - 第1个视频..................................................................
2020-02-06 20:07:54,583 - douyin_phone_multiprocessing - INFO - 点击回复按钮....................................................................
2020-02-06 20:07:56,548 - douyin_phone_multiprocessing - INFO - str_ping_lun_total............................................------>:1
2020-02-06 20:07:56,548 - douyin_phone_multiprocessing - INFO - 留言数量是...............................................................--->:1
2020-02-06 20:07:56,548 - douyin_phone_multiprocessing - INFO - 如果设定的用户留言数大于整个留言数....................................................
2020-02-06 20:07:56,548 - douyin_phone_multiprocessing - INFO - 第0个有用户留言..................................................................
2020-02-06 20:08:02,971 - douyin_phone_multiprocessing - INFO - 关注第0个有用户......................................................
2020-02-06 20:08:04,976 - douyin_phone_multiprocessing - INFO - 私信第0个有用户......................................................
2020-02-06 20:08:06,821 - douyin_phone_multiprocessing - INFO - 私信第0个用户......................................................
2020-02-06 20:08:10,375 - douyin_phone_multiprocessing - INFO - 返回操作..............................................................
2020-02-06 20:08:10,450 - douyin_phone_multiprocessing - INFO - 返回第0个用户关注页面...................................................
2020-02-06 20:08:10,450 - douyin_phone_multiprocessing - INFO - 返回操作..............................................................
2020-02-06 20:08:10,490 - douyin_phone_multiprocessing - INFO - 返回用户视频留言页面...................................................
2020-02-06 20:08:10,490 - douyin_phone_multiprocessing - INFO - 完成第0用户关注---------------------------------------------------------------end

2020-02-06 20:08:10,490 - douyin_phone_multiprocessing - INFO - 第1个有用户留言..................................................................
2020-02-06 20:08:12,147 - douyin_phone_multiprocessing - INFO - 完成第1视频-----------------------------------------------------------------------------end

2020-02-06 20:18:33,773 - douyin_phone_multiprocessing - INFO - 连接手机..............................................................7460300e
2020-02-06 20:18:36,154 - douyin_phone_multiprocessing - INFO - 程序初始化......................................................................
2020-02-06 20:18:46,215 - douyin_phone_multiprocessing - INFO - 启动抖音程序....................................................................
2020-02-06 20:18:47,992 - douyin_phone_multiprocessing - INFO - 第0个视频..................................................................
2020-02-06 20:18:47,992 - douyin_phone_multiprocessing - INFO - 点击回复按钮....................................................................
2020-02-06 20:18:50,245 - douyin_phone_multiprocessing - INFO - str_ping_lun_total............................................------>:19
2020-02-06 20:18:50,245 - douyin_phone_multiprocessing - INFO - 留言数量是...............................................................--->:19
2020-02-06 20:18:50,245 - douyin_phone_multiprocessing - INFO - 第0个有用户留言..................................................................
2020-02-06 20:18:58,259 - douyin_phone_multiprocessing - INFO - 关注第0个有用户......................................................
2020-02-06 20:19:00,347 - douyin_phone_multiprocessing - INFO - 私信第0个有用户......................................................
2020-02-06 20:19:02,163 - douyin_phone_multiprocessing - INFO - 私信第0个用户......................................................
2020-02-06 20:19:05,474 - douyin_phone_multiprocessing - INFO - 返回操作..............................................................
2020-02-06 20:19:05,631 - douyin_phone_multiprocessing - INFO - 返回第0个用户关注页面...................................................
2020-02-06 20:19:05,631 - douyin_phone_multiprocessing - INFO - 返回操作..............................................................
2020-02-06 20:19:05,819 - douyin_phone_multiprocessing - INFO - 返回用户视频留言页面...................................................
2020-02-06 20:19:05,819 - douyin_phone_multiprocessing - INFO - 完成第0用户关注---------------------------------------------------------------end

2020-02-06 20:19:05,819 - douyin_phone_multiprocessing - INFO - 第1个有用户留言..................................................................
2020-02-06 20:19:11,092 - douyin_phone_multiprocessing - INFO - 点击第1个用户出现异常...................................................
2020-02-06 20:19:11,092 - douyin_phone_multiprocessing - INFO - 第2个有用户留言..................................................................
2020-02-06 20:19:16,424 - douyin_phone_multiprocessing - INFO - 点击第2个用户出现异常...................................................
2020-02-06 20:19:16,424 - douyin_phone_multiprocessing - INFO - 第3个有用户留言..................................................................
2020-02-06 20:19:58,734 - douyin_phone_multiprocessing - INFO - 连接手机..............................................................7460300e
2020-02-06 20:20:01,121 - douyin_phone_multiprocessing - INFO - 程序初始化......................................................................
2020-02-06 20:20:11,650 - douyin_phone_multiprocessing - INFO - 启动抖音程序....................................................................
2020-02-06 20:20:13,551 - douyin_phone_multiprocessing - INFO - 第0个视频..................................................................
2020-02-06 20:20:13,551 - douyin_phone_multiprocessing - INFO - 点击回复按钮....................................................................
2020-02-06 20:20:15,584 - douyin_phone_multiprocessing - INFO - str_ping_lun_total............................................------>:28
2020-02-06 20:20:15,584 - douyin_phone_multiprocessing - INFO - 留言数量是...............................................................--->:28
2020-02-06 20:20:15,584 - douyin_phone_multiprocessing - INFO - 第0个有用户留言..................................................................
2020-02-06 20:20:23,926 - douyin_phone_multiprocessing - INFO - 关注第0个有用户......................................................
2020-02-06 20:20:25,918 - douyin_phone_multiprocessing - INFO - 私信第0个有用户......................................................
2020-02-06 20:20:27,726 - douyin_phone_multiprocessing - INFO - 私信第0个用户......................................................
2020-02-06 20:20:31,133 - douyin_phone_multiprocessing - INFO - 返回操作..............................................................
2020-02-06 20:20:32,009 - douyin_phone_multiprocessing - INFO - 返回第0个用户关注页面...................................................
2020-02-06 20:20:32,009 - douyin_phone_multiprocessing - INFO - 返回操作..............................................................
2020-02-06 20:20:32,384 - douyin_phone_multiprocessing - INFO - 返回用户视频留言页面...................................................
2020-02-06 20:20:32,384 - douyin_phone_multiprocessing - INFO - 完成第0用户关注---------------------------------------------------------------end

2020-02-06 20:20:32,384 - douyin_phone_multiprocessing - INFO - 第1个有用户留言..................................................................
2020-02-06 20:20:45,958 - douyin_phone_multiprocessing - INFO - 关注第1个有用户......................................................
2020-02-06 20:20:48,159 - douyin_phone_multiprocessing - INFO - 私信第1个有用户......................................................
2020-02-06 20:20:49,958 - douyin_phone_multiprocessing - INFO - 私信第1个用户......................................................
2020-02-06 20:20:53,280 - douyin_phone_multiprocessing - INFO - 返回操作..............................................................
2020-02-06 20:20:53,787 - douyin_phone_multiprocessing - INFO - 返回第1个用户关注页面...................................................
2020-02-06 20:20:53,788 - douyin_phone_multiprocessing - INFO - 返回操作..............................................................
2020-02-06 20:20:54,170 - douyin_phone_multiprocessing - INFO - 返回用户视频留言页面...................................................
2020-02-06 20:20:54,170 - douyin_phone_multiprocessing - INFO - 完成第1用户关注---------------------------------------------------------------end

2020-02-06 20:20:54,170 - douyin_phone_multiprocessing - INFO - 第2个有用户留言..................................................................
2020-02-06 20:43:09,119 - douyin_phone_multiprocessing - INFO - 连接手机..............................................................7460300e
2020-02-06 20:43:11,982 - douyin_phone_multiprocessing - INFO - 程序初始化......................................................................
2020-02-06 20:43:17,545 - douyin_phone_multiprocessing - INFO - 连接手机..............................................................7460300e
2020-02-06 20:43:19,990 - douyin_phone_multiprocessing - INFO - 程序初始化......................................................................
2020-02-06 20:43:31,123 - douyin_phone_multiprocessing - INFO - 启动抖音程序....................................................................
2020-02-06 20:43:32,903 - douyin_phone_multiprocessing - INFO - 第0个视频..................................................................
2020-02-06 20:43:32,903 - douyin_phone_multiprocessing - INFO - 点击回复按钮....................................................................
2020-02-06 20:43:34,875 - douyin_phone_multiprocessing - INFO - str_ping_lun_total............................................------>:15
2020-02-06 20:43:34,875 - douyin_phone_multiprocessing - INFO - 留言数量是...............................................................--->:15
2020-02-06 20:43:34,875 - douyin_phone_multiprocessing - INFO - 第0个有用户留言..................................................................
2020-02-06 20:43:42,934 - douyin_phone_multiprocessing - INFO - 关注第0个有用户......................................................
2020-02-06 20:43:45,042 - douyin_phone_multiprocessing - INFO - 私信第0个有用户......................................................
2020-02-06 20:43:46,851 - douyin_phone_multiprocessing - INFO - 私信第0个用户......................................................
2020-02-06 20:43:50,224 - douyin_phone_multiprocessing - INFO - 返回操作..............................................................
2020-02-06 20:43:50,960 - douyin_phone_multiprocessing - INFO - 返回第0个用户关注页面...................................................
2020-02-06 20:43:50,960 - douyin_phone_multiprocessing - INFO - 返回操作..............................................................
2020-02-06 20:43:51,324 - douyin_phone_multiprocessing - INFO - 返回用户视频留言页面...................................................
2020-02-06 20:43:51,324 - douyin_phone_multiprocessing - INFO - 完成第0用户关注---------------------------------------------------------------end

2020-02-06 20:43:51,324 - douyin_phone_multiprocessing - INFO - 第1个有用户留言..................................................................
2020-02-06 20:44:01,606 - douyin_phone_multiprocessing - INFO - 关注第1个有用户......................................................
2020-02-06 20:44:03,649 - douyin_phone_multiprocessing - INFO - 私信第1个有用户......................................................
2020-02-06 20:44:05,470 - douyin_phone_multiprocessing - INFO - 私信第1个用户......................................................
2020-02-06 20:44:08,782 - douyin_phone_multiprocessing - INFO - 返回操作..............................................................
2020-02-06 20:44:09,238 - douyin_phone_multiprocessing - INFO - 返回第1个用户关注页面...................................................
2020-02-06 20:44:09,238 - douyin_phone_multiprocessing - INFO - 返回操作..............................................................
2020-02-06 20:44:09,618 - douyin_phone_multiprocessing - INFO - 返回用户视频留言页面...................................................
2020-02-06 20:44:09,622 - douyin_phone_multiprocessing - INFO - 完成第1用户关注---------------------------------------------------------------end

2020-02-06 20:44:09,622 - douyin_phone_multiprocessing - INFO - 第2个有用户留言..................................................................
2020-02-06 20:51:43,160 - douyin_phone_multiprocessing - INFO - 设备是:==================================================>7460300e
2020-02-06 20:51:44,442 - douyin_phone_multiprocessing - INFO - 设备是:==================================================>7460300e
2020-02-06 20:51:44,446 - douyin_phone_multiprocessing - INFO - 连接手机..............................................................7460300e
2020-02-06 20:51:44,446 - douyin_phone_multiprocessing - INFO - 连接手机..............................................................7460300e
2020-02-06 20:51:46,934 - douyin_phone_multiprocessing - INFO - 程序初始化......................................................................
2020-02-06 20:51:46,934 - douyin_phone_multiprocessing - INFO - 程序初始化......................................................................
2020-02-06 20:51:56,842 - douyin_phone_multiprocessing - INFO - 启动抖音程序....................................................................
2020-02-06 20:51:56,842 - douyin_phone_multiprocessing - INFO - 启动抖音程序....................................................................
2020-02-06 20:52:01,297 - douyin_phone_multiprocessing - INFO - 第1个视频..................................................................
2020-02-06 20:52:01,297 - douyin_phone_multiprocessing - INFO - 第1个视频..................................................................
2020-02-06 20:52:01,297 - douyin_phone_multiprocessing - INFO - 点击回复按钮....................................................................
2020-02-06 20:52:01,297 - douyin_phone_multiprocessing - INFO - 点击回复按钮....................................................................
2020-02-06 20:52:03,230 - douyin_phone_multiprocessing - INFO - str_ping_lun_total............................................------>:114
2020-02-06 20:52:03,230 - douyin_phone_multiprocessing - INFO - str_ping_lun_total............................................------>:114
2020-02-06 20:52:03,230 - douyin_phone_multiprocessing - INFO - 留言数量是...............................................................--->:114
2020-02-06 20:52:03,230 - douyin_phone_multiprocessing - INFO - 留言数量是...............................................................--->:114
2020-02-06 20:52:03,230 - douyin_phone_multiprocessing - INFO - 第0个有用户留言..................................................................
2020-02-06 20:52:03,230 - douyin_phone_multiprocessing - INFO - 第0个有用户留言..................................................................
2020-02-06 20:52:10,728 - douyin_phone_multiprocessing - INFO - 关注第0个有用户......................................................
2020-02-06 20:52:10,728 - douyin_phone_multiprocessing - INFO - 关注第0个有用户......................................................
2020-02-06 20:52:12,905 - douyin_phone_multiprocessing - INFO - 私信第0个有用户......................................................
2020-02-06 20:52:12,905 - douyin_phone_multiprocessing - INFO - 私信第0个有用户......................................................
2020-02-06 20:52:14,729 - douyin_phone_multiprocessing - INFO - 私信第0个用户......................................................
2020-02-06 20:52:14,729 - douyin_phone_multiprocessing - INFO - 私信第0个用户......................................................
2020-02-06 20:52:18,247 - douyin_phone_multiprocessing - INFO - 返回操作..............................................................
2020-02-06 20:52:18,247 - douyin_phone_multiprocessing - INFO - 返回操作..............................................................
2020-02-06 20:52:18,742 - douyin_phone_multiprocessing - INFO - 返回第0个用户关注页面...................................................
2020-02-06 20:52:18,742 - douyin_phone_multiprocessing - INFO - 返回第0个用户关注页面...................................................
2020-02-06 20:52:18,742 - douyin_phone_multiprocessing - INFO - 返回操作..............................................................
2020-02-06 20:52:18,742 - douyin_phone_multiprocessing - INFO - 返回操作..............................................................
2020-02-06 20:52:19,122 - douyin_phone_multiprocessing - INFO - 返回用户视频留言页面...................................................
2020-02-06 20:52:19,122 - douyin_phone_multiprocessing - INFO - 返回用户视频留言页面...................................................
2020-02-06 20:52:19,122 - douyin_phone_multiprocessing - INFO - 完成第0用户关注---------------------------------------------------------------end

2020-02-06 20:52:19,122 - douyin_phone_multiprocessing - INFO - 完成第0用户关注---------------------------------------------------------------end

2020-02-06 20:52:19,122 - douyin_phone_multiprocessing - INFO - 第1个有用户留言..................................................................
2020-02-06 20:52:19,122 - douyin_phone_multiprocessing - INFO - 第1个有用户留言..................................................................
2020-02-06 20:52:26,112 - douyin_phone_multiprocessing - INFO - 关注第1个有用户......................................................
2020-02-06 20:52:26,112 - douyin_phone_multiprocessing - INFO - 关注第1个有用户......................................................
2020-02-06 20:52:28,204 - douyin_phone_multiprocessing - INFO - 私信第1个有用户......................................................
2020-02-06 20:52:28,204 - douyin_phone_multiprocessing - INFO - 私信第1个有用户......................................................
2020-02-06 20:52:30,029 - douyin_phone_multiprocessing - INFO - 私信第1个用户......................................................
2020-02-06 20:52:30,029 - douyin_phone_multiprocessing - INFO - 私信第1个用户......................................................
2020-02-06 20:52:33,458 - douyin_phone_multiprocessing - INFO - 返回操作..............................................................
2020-02-06 20:52:33,458 - douyin_phone_multiprocessing - INFO - 返回操作..............................................................
2020-02-06 20:52:33,890 - douyin_phone_multiprocessing - INFO - 返回第1个用户关注页面...................................................
2020-02-06 20:52:33,890 - douyin_phone_multiprocessing - INFO - 返回第1个用户关注页面...................................................
2020-02-06 20:52:33,890 - douyin_phone_multiprocessing - INFO - 返回操作..............................................................
2020-02-06 20:52:33,890 - douyin_phone_multiprocessing - INFO - 返回操作..............................................................
2020-02-06 20:52:34,261 - douyin_phone_multiprocessing - INFO - 返回用户视频留言页面...................................................
2020-02-06 20:52:34,261 - douyin_phone_multiprocessing - INFO - 返回用户视频留言页面...................................................
2020-02-06 20:52:34,261 - douyin_phone_multiprocessing - INFO - 完成第1用户关注---------------------------------------------------------------end

2020-02-06 20:52:34,261 - douyin_phone_multiprocessing - INFO - 完成第1用户关注---------------------------------------------------------------end

2020-02-06 20:52:34,265 - douyin_phone_multiprocessing - INFO - 第2个有用户留言..................................................................
2020-02-06 20:52:34,265 - douyin_phone_multiprocessing - INFO - 第2个有用户留言..................................................................
