2020-02-12 20:57:49,465 - douyin_phone_multiprocessing - INFO - 设备是:==================================================>7460300e
2020-02-12 20:57:49,466 - douyin_phone_multiprocessing - INFO - 设备是:==================================================>192.168.3.8:5555
2020-02-12 20:57:50,403 - douyin_phone_multiprocessing - INFO - 设备是:==================================================>7460300e
2020-02-12 20:57:50,403 - douyin_phone_multiprocessing - INFO - 设备是:==================================================>192.168.3.8:5555
2020-02-12 20:57:50,427 - douyin_phone_multiprocessing - INFO - 设备是:==================================================>7460300e
2020-02-12 20:57:50,427 - douyin_phone_multiprocessing - INFO - 设备是:==================================================>192.168.3.8:5555
2020-02-12 20:57:50,429 - douyin_phone_multiprocessing - INFO - 连接手机..............................................................7460300e
2020-02-12 20:57:50,429 - douyin_phone_multiprocessing - INFO - 连接手机..............................................................7460300e
2020-02-12 20:59:56,529 - douyin_phone_multiprocessing - INFO - 设备是:==================================================>7460300e
2020-02-12 20:59:56,529 - douyin_phone_multiprocessing - INFO - 狀態是:==================================================>tdevice
2020-02-12 21:00:58,784 - douyin_phone_multiprocessing - INFO - 设备是:==================================================>7460300e
2020-02-12 21:00:58,784 - douyin_phone_multiprocessing - INFO - 狀態是:==================================================>tdevice
2020-02-12 21:00:59,791 - douyin_phone_multiprocessing - INFO - 设备是:==================================================>7460300e
2020-02-12 21:00:59,791 - douyin_phone_multiprocessing - INFO - 狀態是:==================================================>tdevice
2020-02-12 21:00:59,798 - douyin_phone_multiprocessing - INFO - 连接手机..............................................................7460300e
2020-02-12 21:00:59,798 - douyin_phone_multiprocessing - INFO - 连接手机..............................................................7460300e
2020-02-12 21:01:54,057 - douyin_phone_multiprocessing - INFO - 设备是:==================================================>7460300e
2020-02-12 21:01:54,058 - douyin_phone_multiprocessing - INFO - 狀態是:==================================================>tdevice
2020-02-12 21:01:55,126 - douyin_phone_multiprocessing - INFO - 设备是:==================================================>7460300e
2020-02-12 21:01:55,165 - douyin_phone_multiprocessing - INFO - 狀態是:==================================================>tdevice
2020-02-12 21:01:55,167 - douyin_phone_multiprocessing - INFO - 连接手机..............................................................7460300e
2020-02-12 21:01:55,167 - douyin_phone_multiprocessing - INFO - 连接手机..............................................................7460300e
2020-02-12 21:02:05,420 - douyin_phone_multiprocessing - INFO - 程序初始化......................................................................
2020-02-12 21:02:05,420 - douyin_phone_multiprocessing - INFO - 程序初始化......................................................................
2020-02-12 21:02:10,771 - douyin_phone_multiprocessing - INFO - 设备是:==================================================>7460300e
2020-02-12 21:02:10,772 - douyin_phone_multiprocessing - INFO - 狀態是:==================================================>tdevice
2020-02-12 21:02:11,766 - douyin_phone_multiprocessing - INFO - 设备是:==================================================>7460300e
2020-02-12 21:02:11,766 - douyin_phone_multiprocessing - INFO - 狀態是:==================================================>tdevice
2020-02-12 21:02:11,772 - douyin_phone_multiprocessing - INFO - 连接手机..............................................................7460300e
2020-02-12 21:02:11,772 - douyin_phone_multiprocessing - INFO - 连接手机..............................................................7460300e
2020-02-12 21:02:14,291 - douyin_phone_multiprocessing - INFO - 程序初始化......................................................................
2020-02-12 21:02:14,291 - douyin_phone_multiprocessing - INFO - 程序初始化......................................................................
2020-02-12 21:09:47,144 - douyin_phone_multiprocessing - INFO - 连接手机..............................................................7460300e
2020-02-12 21:10:44,946 - douyin_phone_multiprocessing - INFO - 连接手机..............................................................7460300e
2020-02-12 21:10:47,571 - douyin_phone_multiprocessing - INFO - 程序初始化......................................................................
2020-02-12 21:11:05,681 - douyin_phone_multiprocessing - INFO - 连接手机..............................................................7460300e
2020-02-12 21:11:08,099 - douyin_phone_multiprocessing - INFO - 程序初始化......................................................................
2020-02-12 21:11:19,200 - douyin_phone_multiprocessing - INFO - 启动抖音程序....................................................................
2020-02-12 21:11:19,201 - douyin_phone_multiprocessing - INFO - loop_video_num is.............................->10
2020-02-12 21:11:20,918 - douyin_phone_multiprocessing - INFO - 第0个视频..................................................................
2020-02-12 21:11:20,918 - douyin_phone_multiprocessing - INFO - 点击回复按钮....................................................................
2020-02-12 21:11:22,913 - douyin_phone_multiprocessing - INFO - str_ping_lun_total............................................------>:192
2020-02-12 21:11:22,913 - douyin_phone_multiprocessing - INFO - 留言数量是...............................................................--->:192
2020-02-12 21:11:22,913 - douyin_phone_multiprocessing - INFO - 第0个有用户留言..................................................................
2020-02-12 21:11:30,883 - douyin_phone_multiprocessing - INFO - 关注第0个有用户......................................................
2020-02-12 21:11:33,068 - douyin_phone_multiprocessing - INFO - 私信第0个有用户......................................................
2020-02-12 21:11:35,175 - douyin_phone_multiprocessing - INFO - 私信第0个用户......................................................
2020-02-12 21:11:40,119 - douyin_phone_multiprocessing - INFO - 返回操作..............................................................
2020-02-12 21:11:41,130 - douyin_phone_multiprocessing - INFO - 返回第0个用户关注页面...................................................
2020-02-12 21:11:41,130 - douyin_phone_multiprocessing - INFO - 返回操作..............................................................
2020-02-12 21:11:41,504 - douyin_phone_multiprocessing - INFO - 返回用户视频留言页面...................................................
2020-02-12 21:11:41,504 - douyin_phone_multiprocessing - INFO - 完成第0用户关注---------------------------------------------------------------end

2020-02-12 21:11:41,504 - douyin_phone_multiprocessing - INFO - 第1个有用户留言..................................................................
2020-02-12 21:11:51,130 - douyin_phone_multiprocessing - INFO - 关注第1个有用户......................................................
2020-02-12 21:11:53,400 - douyin_phone_multiprocessing - INFO - 私信第1个有用户......................................................
2020-02-12 21:11:55,478 - douyin_phone_multiprocessing - INFO - 私信第1个用户......................................................
2020-02-12 21:12:00,401 - douyin_phone_multiprocessing - INFO - 返回操作..............................................................
2020-02-12 21:12:00,869 - douyin_phone_multiprocessing - INFO - 返回第1个用户关注页面...................................................
2020-02-12 21:12:00,869 - douyin_phone_multiprocessing - INFO - 返回操作..............................................................
2020-02-12 21:12:01,246 - douyin_phone_multiprocessing - INFO - 返回用户视频留言页面...................................................
2020-02-12 21:12:01,246 - douyin_phone_multiprocessing - INFO - 完成第1用户关注---------------------------------------------------------------end

2020-02-12 21:12:01,246 - douyin_phone_multiprocessing - INFO - 第2个有用户留言..................................................................
