2020-02-04 17:50:39,626 - douyin_phone - INFO - 链接手机..............................................................7460300e
2020-02-04 17:50:40,756 - douyin_phone - INFO - 关闭抖音程序....................................................................
2020-02-04 17:51:39,129 - douyin_phone - INFO - 链接手机..............................................................7460300e
2020-02-04 17:51:40,294 - douyin_phone - INFO - 关闭抖音程序....................................................................
2020-02-04 17:51:54,796 - douyin_phone - INFO - 链接手机..............................................................7460300e
2020-02-04 17:51:55,972 - douyin_phone - INFO - 关闭抖音程序....................................................................
2020-02-04 17:51:58,415 - douyin_phone - INFO - 启动抖音程序....................................................................
2020-02-04 17:51:58,416 - douyin_phone - INFO - 最外层程序异常...................................................
2020-02-04 17:51:58,416 - douyin_phone - ERROR - 'type' object is not subscriptable
2020-02-04 17:53:07,009 - douyin_phone - INFO - 链接手机..............................................................7460300e
2020-02-04 17:53:08,607 - douyin_phone - INFO - 启动抖音程序....................................................................
2020-02-04 17:53:08,607 - douyin_phone - INFO - 最外层程序异常...................................................
2020-02-04 17:53:08,607 - douyin_phone - ERROR - 'type' object is not subscriptable
2020-02-04 17:53:44,853 - douyin_phone - INFO - 链接手机..............................................................7460300e
2020-02-04 17:53:46,367 - douyin_phone - INFO - 启动抖音程序....................................................................
2020-02-04 17:53:46,367 - douyin_phone - INFO - 第0个视频..................................................................
2020-02-04 17:53:46,367 - douyin_phone - INFO - 最外层程序异常...................................................
2020-02-04 17:53:46,367 - douyin_phone - ERROR - swipe() missing 3 required positional arguments: 'swipe_y1', 'swipe_x2', and 'swipe_y2'
2020-02-04 20:22:55,366 - douyin_phone - INFO - 程序初始化......................................................
2020-02-04 20:23:41,466 - douyin_phone - INFO - 程序初始化......................................................
2020-02-04 20:25:37,166 - douyin_phone - INFO - 程序初始化......................................................
2020-02-04 20:25:37,166 - douyin_phone - INFO - 连接手机..............................................................7460300e
2020-02-04 20:25:38,349 - douyin_phone - INFO - 关闭抖音程序....................................................................
2020-02-04 20:25:42,190 - douyin_phone - INFO - 启动抖音程序....................................................................
2020-02-04 20:25:42,190 - douyin_phone - INFO - 第0个视频..................................................................
2020-02-04 20:25:43,538 - douyin_phone - INFO - 第1个视频..................................................................
2020-02-04 20:25:44,449 - douyin_phone - INFO - 第2个视频..................................................................
2020-02-04 20:25:45,287 - douyin_phone - INFO - 第3个视频..................................................................
2020-02-04 20:25:46,106 - douyin_phone - INFO - 第4个视频..................................................................
2020-02-04 20:27:42,734 - douyin_phone - INFO - 连接手机..............................................................7460300e
2020-02-04 20:27:45,079 - douyin_phone - INFO - 程序初始化......................................................................
2020-02-04 20:27:54,877 - douyin_phone - INFO - 启动抖音程序....................................................................
2020-02-04 20:27:54,877 - douyin_phone - INFO - 第0个视频..................................................................
2020-02-04 20:27:56,134 - douyin_phone - INFO - 点击回复按钮....................................................................
2020-02-04 20:27:58,529 - douyin_phone - INFO - 留言数为0....................................................................
2020-02-04 20:27:58,986 - douyin_phone - INFO - 留言数为0，会提示输入留言，关闭留言窗口......................................
2020-02-04 20:28:01,188 - douyin_phone - INFO - 留言数为0，关闭留言窗口......................................................
2020-02-04 20:28:01,189 - douyin_phone - INFO - 第1个视频..................................................................
2020-02-04 20:28:02,272 - douyin_phone - INFO - 点击回复按钮....................................................................
2020-02-04 20:28:04,059 - douyin_phone - INFO - str_ping_lun_total............................................------>:1
2020-02-04 20:28:04,059 - douyin_phone - INFO - 留言数量是...............................................................--->:1
2020-02-04 20:28:04,059 - douyin_phone - INFO - 如果设定的用户留言数大于整个留言数....................................................
2020-02-04 20:28:07,698 - douyin_phone - INFO - 第0个有用户留言..................................................................
2020-02-04 20:28:12,183 - douyin_phone - INFO - 关注第0个有用户......................................................
2020-02-04 20:28:13,987 - douyin_phone - INFO - 私信第0个有用户......................................................
2020-02-04 20:28:15,557 - douyin_phone - INFO - 私信第0个有用户......................................................
2020-02-04 20:28:19,998 - douyin_phone - INFO - 返回第0个有用户关注页面...................................................
2020-02-04 20:28:22,767 - douyin_phone - INFO - 返回第1个有用户关注页面...................................................
2020-02-04 20:28:22,853 - douyin_phone - INFO - 在用户关注页面，需要返回
2020-02-04 20:28:26,275 - douyin_phone - INFO - 返回视频留言页面..............................................................
2020-02-04 20:28:27,618 - douyin_phone - INFO - 第2个视频..................................................................
2020-02-04 20:28:28,635 - douyin_phone - INFO - 点击回复按钮....................................................................
2020-02-04 20:28:30,278 - douyin_phone - INFO - str_ping_lun_total............................................------>:9
2020-02-04 20:28:30,278 - douyin_phone - INFO - 留言数量是...............................................................--->:9
2020-02-04 20:28:32,518 - douyin_phone - INFO - 第0个有用户留言..................................................................
2020-02-04 20:28:37,162 - douyin_phone - INFO - 关注第0个有用户......................................................
2020-02-04 20:28:38,937 - douyin_phone - INFO - 私信第0个有用户......................................................
2020-02-04 20:28:40,518 - douyin_phone - INFO - 私信第0个有用户......................................................
2020-02-04 20:28:44,907 - douyin_phone - INFO - 返回第0个有用户关注页面...................................................
2020-02-04 20:28:48,030 - douyin_phone - INFO - 返回第2个有用户关注页面...................................................
2020-02-04 20:28:50,740 - douyin_phone - INFO - 点击第1个有用户出现异常...................................................
2020-02-04 20:28:56,970 - douyin_phone - INFO - 点击第2个有用户出现异常...................................................
2020-02-04 20:29:02,684 - douyin_phone - INFO - 点击第3个有用户出现异常...................................................
2020-02-04 20:29:07,572 - douyin_phone - INFO - 点击第4个有用户出现异常...................................................
2020-02-04 20:29:12,428 - douyin_phone - INFO - 点击第5个有用户出现异常...................................................
2020-02-04 20:32:49,516 - douyin_phone - INFO - 连接手机..............................................................7460300e
2020-02-04 20:32:52,310 - douyin_phone - INFO - 程序初始化......................................................................
2020-02-04 20:33:09,852 - douyin_phone - INFO - 连接手机..............................................................7460300e
2020-02-04 20:33:12,248 - douyin_phone - INFO - 程序初始化......................................................................
2020-02-04 20:33:23,169 - douyin_phone - INFO - 启动抖音程序....................................................................
2020-02-04 20:33:23,169 - douyin_phone - INFO - 第0个视频..................................................................
2020-02-04 20:33:24,558 - douyin_phone - INFO - 点击回复按钮....................................................................
2020-02-04 20:33:26,312 - douyin_phone - INFO - str_ping_lun_total............................................------>:214
2020-02-04 20:33:26,312 - douyin_phone - INFO - 留言数量是...............................................................--->:214
2020-02-04 20:33:27,092 - douyin_phone - INFO - 第0个有用户留言..................................................................
2020-02-04 20:33:31,719 - douyin_phone - INFO - 关注第0个有用户......................................................
2020-02-04 20:33:33,500 - douyin_phone - INFO - 私信第0个有用户......................................................
2020-02-04 20:33:35,071 - douyin_phone - INFO - 私信第0个有用户......................................................
2020-02-04 20:33:39,622 - douyin_phone - INFO - 返回第0个有用户关注页面...................................................
2020-02-04 20:34:00,335 - douyin_phone - INFO - 点击第0个有用户出现异常...........................continue....................
2020-02-04 20:34:00,335 - douyin_phone - ERROR - -32002 Client error: <> data: , method: None
2020-02-04 20:34:02,464 - douyin_phone - INFO - 点击第1个有用户出现异常...................................................
2020-02-04 20:34:04,754 - douyin_phone - INFO - 返回操作..............................................................
2020-02-04 20:34:08,017 - douyin_phone - INFO - 点击第2个有用户出现异常...................................................
2020-02-04 20:34:10,092 - douyin_phone - INFO - 返回操作..............................................................
2020-02-04 20:34:13,334 - douyin_phone - INFO - 点击第3个有用户出现异常...................................................
2020-02-04 20:34:15,893 - douyin_phone - INFO - 返回操作..............................................................
2020-02-04 20:35:42,731 - douyin_phone - INFO - 连接手机..............................................................7460300e
2020-02-04 20:35:45,082 - douyin_phone - INFO - 程序初始化......................................................................
2020-02-04 20:35:55,451 - douyin_phone - INFO - 启动抖音程序....................................................................
2020-02-04 20:35:55,451 - douyin_phone - INFO - 第0个视频..................................................................
2020-02-04 20:35:56,515 - douyin_phone - INFO - 点击回复按钮....................................................................
2020-02-04 20:35:58,632 - douyin_phone - INFO - str_ping_lun_total............................................------>:84
2020-02-04 20:35:58,632 - douyin_phone - INFO - 留言数量是...............................................................--->:84
2020-02-04 20:36:03,063 - douyin_phone - INFO - 第0个有用户留言..................................................................
2020-02-04 20:36:07,594 - douyin_phone - INFO - 关注第0个有用户......................................................
2020-02-04 20:36:09,511 - douyin_phone - INFO - 私信第0个有用户......................................................
2020-02-04 20:36:11,105 - douyin_phone - INFO - 私信第0个有用户......................................................
2020-02-04 20:36:15,714 - douyin_phone - INFO - 返回操作..............................................................1
2020-02-04 20:36:15,715 - douyin_phone - INFO - 返回第0个有用户关注页面...................................................
2020-02-04 20:38:35,678 - douyin_phone - INFO - 连接手机..............................................................7460300e
2020-02-04 20:38:38,029 - douyin_phone - INFO - 程序初始化......................................................................
2020-02-04 20:38:48,603 - douyin_phone - INFO - 启动抖音程序....................................................................
2020-02-04 20:38:48,603 - douyin_phone - INFO - 第0个视频..................................................................
2020-02-04 20:38:49,708 - douyin_phone - INFO - 点击回复按钮....................................................................
2020-02-04 20:38:52,085 - douyin_phone - INFO - str_ping_lun_total............................................------>:4
2020-02-04 20:38:52,085 - douyin_phone - INFO - 留言数量是...............................................................--->:4
2020-02-04 20:38:52,085 - douyin_phone - INFO - 如果设定的用户留言数大于整个留言数....................................................
2020-02-04 20:38:56,334 - douyin_phone - INFO - 第0个有用户留言..................................................................
2020-02-04 20:39:00,968 - douyin_phone - INFO - 关注第0个有用户......................................................
2020-02-04 20:39:02,941 - douyin_phone - INFO - 私信第0个有用户......................................................
2020-02-04 20:39:04,534 - douyin_phone - INFO - 私信第0个有用户......................................................
2020-02-04 20:39:08,635 - douyin_phone - INFO - 返回操作..............................................................
2020-02-04 20:39:09,104 - douyin_phone - INFO - 返回第0个有用户关注页面...................................................
2020-02-04 20:39:09,105 - douyin_phone - INFO - 返回操作..............................................................
2020-02-04 20:39:09,539 - douyin_phone - INFO - 返回用户视频留言页面...................................................
2020-02-04 20:39:12,183 - douyin_phone - INFO - 点击第1个有用户出现异常...................................................
2020-02-04 20:39:12,183 - douyin_phone - INFO - 返回操作..............................................................
2020-02-04 20:39:34,485 - douyin_phone - INFO - 点击第2个有用户出现异常...........................continue....................
2020-02-04 20:39:34,485 - douyin_phone - ERROR - -32002 Client error: <> data: , method: None
2020-02-04 20:39:36,597 - douyin_phone - INFO - 点击第3个有用户出现异常...................................................
2020-02-04 20:39:36,597 - douyin_phone - INFO - 返回操作..............................................................
2020-02-04 20:39:38,723 - douyin_phone - INFO - 完成第3用户关注-----------------------------------------------------------------------------end

2020-02-04 20:39:38,724 - douyin_phone - INFO - 第1个视频..................................................................
2020-02-04 20:39:39,662 - douyin_phone - INFO - 第2个视频..................................................................
2020-02-04 20:39:40,995 - douyin_phone - INFO - 第3个视频..................................................................
2020-02-04 20:39:42,413 - douyin_phone - INFO - 第4个视频..................................................................
2020-02-04 20:39:43,553 - douyin_phone - INFO - 第5个视频..................................................................
2020-02-04 20:39:44,512 - douyin_phone - INFO - 第6个视频..................................................................
2020-02-04 20:39:45,412 - douyin_phone - INFO - 第7个视频..................................................................
2020-02-04 20:39:46,339 - douyin_phone - INFO - 第8个视频..................................................................
2020-02-04 20:39:47,175 - douyin_phone - INFO - 第9个视频..................................................................
2020-02-04 20:39:48,029 - douyin_phone - INFO - 第10个视频..................................................................
2020-02-04 20:39:48,934 - douyin_phone - INFO - 第11个视频..................................................................
2020-02-04 20:44:40,282 - douyin_phone - INFO - 连接手机..............................................................7460300e
2020-02-04 20:44:43,093 - douyin_phone - INFO - 程序初始化......................................................................
2020-02-04 20:44:54,374 - douyin_phone - INFO - 连接手机..............................................................7460300e
2020-02-04 20:44:56,753 - douyin_phone - INFO - 程序初始化......................................................................
2020-02-04 20:45:10,955 - douyin_phone - INFO - 启动抖音程序....................................................................
2020-02-04 20:45:10,955 - douyin_phone - INFO - 第0个视频..................................................................
2020-02-04 20:45:12,147 - douyin_phone - INFO - 点击回复按钮....................................................................
2020-02-04 20:45:13,788 - douyin_phone - INFO - str_ping_lun_total............................................------>:1159
2020-02-04 20:45:13,788 - douyin_phone - INFO - 留言数量是...............................................................--->:1159
2020-02-04 20:45:13,788 - douyin_phone - INFO - 第0个有用户留言..................................................................
2020-02-04 20:45:22,214 - douyin_phone - INFO - 关注第0个有用户......................................................
2020-02-04 20:45:24,605 - douyin_phone - INFO - 私信第0个有用户......................................................
2020-02-04 20:45:26,675 - douyin_phone - INFO - 私信第0个有用户......................................................
2020-02-04 20:45:30,660 - douyin_phone - INFO - 返回操作..............................................................
2020-02-04 20:45:31,165 - douyin_phone - INFO - 返回第0个有用户关注页面...................................................
2020-02-04 20:45:31,166 - douyin_phone - INFO - 返回操作..............................................................
2020-02-04 20:45:31,566 - douyin_phone - INFO - 返回用户视频留言页面...................................................
2020-02-04 20:45:31,567 - douyin_phone - INFO - 完成第0用户关注---------------------------------------------------------------end

2020-02-04 20:45:31,567 - douyin_phone - INFO - 第1个有用户留言..................................................................
2020-02-04 20:46:15,789 - douyin_phone - INFO - 连接手机..............................................................7460300e
2020-02-04 20:46:18,155 - douyin_phone - INFO - 程序初始化......................................................................
2020-02-04 20:46:33,646 - douyin_phone - INFO - 启动抖音程序....................................................................
2020-02-04 20:46:33,646 - douyin_phone - INFO - 第0个视频..................................................................
2020-02-04 20:46:34,788 - douyin_phone - INFO - 点击回复按钮....................................................................
2020-02-04 20:46:36,618 - douyin_phone - INFO - str_ping_lun_total............................................------>:229
2020-02-04 20:46:36,618 - douyin_phone - INFO - 留言数量是...............................................................--->:229
2020-02-04 20:46:36,618 - douyin_phone - INFO - 第0个有用户留言..................................................................
2020-02-04 20:46:44,865 - douyin_phone - INFO - 关注第0个有用户......................................................
2020-02-04 20:46:47,128 - douyin_phone - INFO - 私信第0个有用户......................................................
2020-02-04 20:46:49,212 - douyin_phone - INFO - 私信第0个有用户......................................................
2020-02-04 20:46:53,198 - douyin_phone - INFO - 返回操作..............................................................
2020-02-04 20:46:53,705 - douyin_phone - INFO - 返回第0个有用户关注页面...................................................
2020-02-04 20:46:53,706 - douyin_phone - INFO - 返回操作..............................................................
2020-02-04 20:46:54,137 - douyin_phone - INFO - 返回用户视频留言页面...................................................
2020-02-04 20:46:54,137 - douyin_phone - INFO - 完成第0用户关注---------------------------------------------------------------end

2020-02-04 20:46:54,138 - douyin_phone - INFO - 第1个有用户留言..................................................................
2020-02-04 20:46:56,732 - douyin_phone - INFO - 点击第1个有用户出现异常...................................................
2020-02-04 20:46:56,732 - douyin_phone - INFO - 返回操作..............................................................
2020-02-04 20:46:57,251 - douyin_phone - INFO - 第2个有用户留言..................................................................
2020-02-04 20:46:59,826 - douyin_phone - INFO - 点击第2个有用户出现异常...................................................
2020-02-04 20:46:59,826 - douyin_phone - INFO - 返回操作..............................................................
2020-02-04 20:47:00,265 - douyin_phone - INFO - 第3个有用户留言..................................................................
2020-02-04 20:47:02,416 - douyin_phone - INFO - 点击第3个有用户出现异常...................................................
2020-02-04 20:47:02,416 - douyin_phone - INFO - 返回操作..............................................................
2020-02-04 20:47:02,907 - douyin_phone - INFO - 第4个有用户留言..................................................................
2020-02-04 20:47:05,051 - douyin_phone - INFO - 点击第4个有用户出现异常...................................................
2020-02-04 20:47:05,051 - douyin_phone - INFO - 返回操作..............................................................
2020-02-04 20:47:05,564 - douyin_phone - INFO - 第5个有用户留言..................................................................
2020-02-04 20:48:05,370 - douyin_phone - INFO - 连接手机..............................................................7460300e
2020-02-04 20:48:07,731 - douyin_phone - INFO - 程序初始化......................................................................
2020-02-04 20:48:18,736 - douyin_phone - INFO - 启动抖音程序....................................................................
2020-02-04 20:48:18,736 - douyin_phone - INFO - 第0个视频..................................................................
2020-02-04 20:48:19,845 - douyin_phone - INFO - 点击回复按钮....................................................................
2020-02-04 20:48:22,067 - douyin_phone - INFO - str_ping_lun_total............................................------>:9
2020-02-04 20:48:22,067 - douyin_phone - INFO - 留言数量是...............................................................--->:9
2020-02-04 20:48:22,068 - douyin_phone - INFO - 第0个有用户留言..................................................................
2020-02-04 20:48:30,915 - douyin_phone - INFO - 关注第0个有用户......................................................
2020-02-04 20:48:33,368 - douyin_phone - INFO - 私信第0个有用户......................................................
2020-02-04 20:48:35,534 - douyin_phone - INFO - 私信第0个有用户......................................................
2020-02-04 20:48:39,609 - douyin_phone - INFO - 返回操作..............................................................
2020-02-04 20:48:40,066 - douyin_phone - INFO - 返回第0个有用户关注页面...................................................
2020-02-04 20:48:40,067 - douyin_phone - INFO - 返回操作..............................................................
2020-02-04 20:48:40,502 - douyin_phone - INFO - 返回用户视频留言页面...................................................
2020-02-04 20:48:40,502 - douyin_phone - INFO - 完成第0用户关注---------------------------------------------------------------end

2020-02-04 20:48:40,502 - douyin_phone - INFO - 第1个有用户留言..................................................................
2020-02-04 20:48:45,183 - douyin_phone - INFO - 点击第1个有用户出现异常...................................................
2020-02-04 20:48:45,183 - douyin_phone - INFO - 返回操作..............................................................
2020-02-04 20:48:45,700 - douyin_phone - INFO - 第2个有用户留言..................................................................
2020-02-04 20:49:12,116 - douyin_phone - INFO - 连接手机..............................................................7460300e
2020-02-04 20:49:14,472 - douyin_phone - INFO - 程序初始化......................................................................
2020-02-04 20:49:24,837 - douyin_phone - INFO - 启动抖音程序....................................................................
2020-02-04 20:49:24,838 - douyin_phone - INFO - 第0个视频..................................................................
2020-02-04 20:49:25,979 - douyin_phone - INFO - 点击回复按钮....................................................................
2020-02-04 20:49:28,877 - douyin_phone - ERROR - 留言数异常......................................................................
2020-02-04 20:49:30,572 - douyin_phone - ERROR - 留言数异常,关闭留言窗口.........................................................
2020-02-04 20:49:30,572 - douyin_phone - INFO - 留言数量是...............................................................--->:0
2020-02-04 20:49:30,572 - douyin_phone - INFO - 第1个视频..................................................................
2020-02-04 20:49:31,649 - douyin_phone - INFO - 点击回复按钮....................................................................
2020-02-04 20:49:33,252 - douyin_phone - ERROR - 留言数异常......................................................................
2020-02-04 20:49:34,592 - douyin_phone - ERROR - 留言数异常,关闭留言窗口.........................................................
2020-02-04 20:49:34,592 - douyin_phone - INFO - 留言数量是...............................................................--->:0
2020-02-04 20:49:34,592 - douyin_phone - INFO - 第2个视频..................................................................
2020-02-04 20:49:35,656 - douyin_phone - INFO - 第3个视频..................................................................
2020-02-04 20:49:37,539 - douyin_phone - INFO - 第4个视频..................................................................
2020-02-04 20:49:38,559 - douyin_phone - INFO - 点击回复按钮....................................................................
2020-02-04 20:49:40,241 - douyin_phone - INFO - str_ping_lun_total............................................------>:89
2020-02-04 20:49:40,242 - douyin_phone - INFO - 留言数量是...............................................................--->:89
2020-02-04 20:49:40,242 - douyin_phone - INFO - 第0个有用户留言..................................................................
2020-02-04 20:49:47,756 - douyin_phone - INFO - 关注第0个有用户......................................................
2020-02-04 20:49:49,959 - douyin_phone - INFO - 私信第0个有用户......................................................
2020-02-04 20:49:52,107 - douyin_phone - INFO - 私信第0个有用户......................................................
2020-02-04 20:49:56,041 - douyin_phone - INFO - 返回操作..............................................................
2020-02-04 20:49:56,529 - douyin_phone - INFO - 返回第0个有用户关注页面...................................................
2020-02-04 20:49:56,530 - douyin_phone - INFO - 返回操作..............................................................
2020-02-04 20:49:56,976 - douyin_phone - INFO - 返回用户视频留言页面...................................................
2020-02-04 20:49:56,976 - douyin_phone - INFO - 完成第0用户关注---------------------------------------------------------------end

2020-02-04 20:49:56,976 - douyin_phone - INFO - 第1个有用户留言..................................................................
2020-02-04 20:50:02,516 - douyin_phone - INFO - 关注第1个有用户......................................................
2020-02-04 20:50:04,697 - douyin_phone - INFO - 私信第1个有用户......................................................
2020-02-04 20:50:06,766 - douyin_phone - INFO - 私信第1个有用户......................................................
2020-02-04 20:50:10,648 - douyin_phone - INFO - 返回操作..............................................................
2020-02-04 20:50:11,127 - douyin_phone - INFO - 返回第1个有用户关注页面...................................................
2020-02-04 20:50:11,128 - douyin_phone - INFO - 返回操作..............................................................
2020-02-04 20:50:11,553 - douyin_phone - INFO - 返回用户视频留言页面...................................................
2020-02-04 20:50:11,554 - douyin_phone - INFO - 完成第1用户关注---------------------------------------------------------------end

2020-02-04 20:50:11,554 - douyin_phone - INFO - 第2个有用户留言..................................................................
2020-02-04 20:50:16,555 - douyin_phone - INFO - 点击第2个有用户出现异常...................................................
2020-02-04 20:50:16,555 - douyin_phone - INFO - 返回操作..............................................................
2020-02-04 20:50:17,081 - douyin_phone - INFO - 第3个有用户留言..................................................................
2020-02-04 20:51:01,974 - douyin_phone - INFO - 连接手机..............................................................7460300e
2020-02-04 20:51:04,325 - douyin_phone - INFO - 程序初始化......................................................................
2020-02-04 20:51:14,657 - douyin_phone - INFO - 启动抖音程序....................................................................
2020-02-04 20:51:14,657 - douyin_phone - INFO - 第0个视频..................................................................
2020-02-04 20:51:15,788 - douyin_phone - INFO - 点击回复按钮....................................................................
2020-02-04 20:51:17,493 - douyin_phone - INFO - str_ping_lun_total............................................------>:8
2020-02-04 20:51:17,493 - douyin_phone - INFO - 留言数量是...............................................................--->:8
2020-02-04 20:51:17,493 - douyin_phone - INFO - 第0个有用户留言..................................................................
2020-02-04 20:51:24,815 - douyin_phone - INFO - 关注第0个有用户......................................................
2020-02-04 20:51:27,050 - douyin_phone - INFO - 私信第0个有用户......................................................
2020-02-04 20:51:29,209 - douyin_phone - INFO - 私信第0个有用户......................................................
2020-02-04 20:51:33,260 - douyin_phone - INFO - 返回操作..............................................................
2020-02-04 20:51:33,842 - douyin_phone - INFO - 返回第0个有用户关注页面...................................................
2020-02-04 20:51:33,842 - douyin_phone - INFO - 返回操作..............................................................
2020-02-04 20:51:34,218 - douyin_phone - INFO - 返回用户视频留言页面...................................................
2020-02-04 20:51:34,218 - douyin_phone - INFO - 完成第0用户关注---------------------------------------------------------------end

2020-02-04 20:51:34,218 - douyin_phone - INFO - 第1个有用户留言..................................................................
2020-02-04 20:51:39,098 - douyin_phone - INFO - 点击第1个有用户出现异常...................................................
2020-02-04 20:51:39,098 - douyin_phone - INFO - 返回操作..............................................................
2020-02-04 20:51:39,591 - douyin_phone - INFO - 第2个有用户留言..................................................................
2020-02-04 20:53:09,311 - douyin_phone - INFO - 连接手机..............................................................7460300e
2020-02-04 20:53:11,674 - douyin_phone - INFO - 程序初始化......................................................................
2020-02-04 20:53:23,070 - douyin_phone - INFO - 启动抖音程序....................................................................
2020-02-04 20:53:23,070 - douyin_phone - INFO - 第0个视频..................................................................
2020-02-04 20:53:24,179 - douyin_phone - INFO - 点击回复按钮....................................................................
2020-02-04 20:53:26,323 - douyin_phone - INFO - str_ping_lun_total............................................------>:54
2020-02-04 20:53:26,323 - douyin_phone - INFO - 留言数量是...............................................................--->:54
2020-02-04 20:53:26,323 - douyin_phone - INFO - 第0个有用户留言..................................................................
2020-02-04 20:53:34,696 - douyin_phone - INFO - 关注第0个有用户......................................................
2020-02-04 20:53:37,039 - douyin_phone - INFO - 私信第0个有用户......................................................
2020-02-04 20:53:39,134 - douyin_phone - INFO - 私信第0个有用户......................................................
2020-02-04 20:53:42,982 - douyin_phone - INFO - 返回操作..............................................................
2020-02-04 20:53:43,471 - douyin_phone - INFO - 返回第0个有用户关注页面...................................................
2020-02-04 20:53:43,472 - douyin_phone - INFO - 返回操作..............................................................
2020-02-04 20:53:43,899 - douyin_phone - INFO - 返回用户视频留言页面...................................................
2020-02-04 20:53:43,899 - douyin_phone - INFO - 完成第0用户关注---------------------------------------------------------------end

2020-02-04 20:53:43,900 - douyin_phone - INFO - 第1个有用户留言..................................................................
2020-02-04 20:53:48,521 - douyin_phone - INFO - 点击第1个用户出现异常...................................................
2020-02-04 20:53:48,521 - douyin_phone - INFO - 第2个有用户留言..................................................................
2020-02-04 20:53:56,261 - douyin_phone - INFO - 关注第2个有用户......................................................
2020-02-04 20:53:58,449 - douyin_phone - INFO - 私信第2个有用户......................................................
2020-02-04 20:54:00,561 - douyin_phone - INFO - 私信第2个有用户......................................................
2020-02-04 20:55:45,121 - douyin_phone - INFO - 连接手机..............................................................7460300e
2020-02-04 20:55:47,487 - douyin_phone - INFO - 程序初始化......................................................................
2020-02-04 20:55:58,902 - douyin_phone - INFO - 启动抖音程序....................................................................
2020-02-04 20:55:58,902 - douyin_phone - INFO - 第0个视频..................................................................
2020-02-04 20:56:00,061 - douyin_phone - INFO - 点击回复按钮....................................................................
2020-02-04 20:56:01,911 - douyin_phone - INFO - str_ping_lun_total............................................------>:2
2020-02-04 20:56:01,911 - douyin_phone - INFO - 留言数量是...............................................................--->:2
2020-02-04 20:56:01,912 - douyin_phone - INFO - 如果设定的用户留言数大于整个留言数....................................................
2020-02-04 20:56:01,912 - douyin_phone - INFO - 第0个有用户留言..................................................................
2020-02-04 20:56:10,402 - douyin_phone - INFO - 关注第0个有用户......................................................
2020-02-04 20:56:12,252 - douyin_phone - INFO - 私信第0个有用户......................................................
2020-02-04 20:56:14,058 - douyin_phone - INFO - 私信第0个用户......................................................
2020-02-04 20:56:17,383 - douyin_phone - INFO - 返回操作..............................................................
2020-02-04 20:56:17,907 - douyin_phone - INFO - 返回第0个用户关注页面...................................................
2020-02-04 20:56:17,907 - douyin_phone - INFO - 返回操作..............................................................
2020-02-04 20:56:18,340 - douyin_phone - INFO - 返回用户视频留言页面...................................................
2020-02-04 20:56:18,340 - douyin_phone - INFO - 完成第0用户关注---------------------------------------------------------------end

2020-02-04 20:56:18,340 - douyin_phone - INFO - 第1个有用户留言..................................................................
2020-02-04 20:56:27,940 - douyin_phone - INFO - 关注第1个有用户......................................................
2020-02-04 20:56:29,921 - douyin_phone - INFO - 私信第1个有用户......................................................
2020-02-04 20:56:31,723 - douyin_phone - INFO - 私信第1个用户......................................................
2020-02-04 20:56:34,993 - douyin_phone - INFO - 返回操作..............................................................
2020-02-04 20:56:35,540 - douyin_phone - INFO - 返回第1个用户关注页面...................................................
2020-02-04 20:56:35,541 - douyin_phone - INFO - 返回操作..............................................................
2020-02-04 20:56:35,967 - douyin_phone - INFO - 返回用户视频留言页面...................................................
2020-02-04 20:56:35,968 - douyin_phone - INFO - 完成第1用户关注---------------------------------------------------------------end

2020-02-04 20:56:38,912 - douyin_phone - INFO - 完成第0视频-----------------------------------------------------------------------------end

2020-02-04 20:56:39,912 - douyin_phone - INFO - 第1个视频..................................................................
2020-02-04 20:56:41,088 - douyin_phone - INFO - 第2个视频..................................................................
2020-02-04 20:56:42,685 - douyin_phone - INFO - 第3个视频..................................................................
2020-02-04 20:56:43,794 - douyin_phone - INFO - 点击回复按钮....................................................................
2020-02-04 20:56:45,464 - douyin_phone - INFO - str_ping_lun_total............................................------>:23
2020-02-04 20:56:45,464 - douyin_phone - INFO - 留言数量是...............................................................--->:23
2020-02-04 20:56:45,464 - douyin_phone - INFO - 第0个有用户留言..................................................................
2020-02-04 20:56:51,846 - douyin_phone - INFO - 关注第0个有用户......................................................
2020-02-04 20:56:53,870 - douyin_phone - INFO - 私信第0个有用户......................................................
2020-02-04 20:56:55,676 - douyin_phone - INFO - 私信第0个用户......................................................
2020-02-04 20:56:58,954 - douyin_phone - INFO - 返回操作..............................................................
2020-02-04 20:56:59,453 - douyin_phone - INFO - 返回第0个用户关注页面...................................................
2020-02-04 20:56:59,454 - douyin_phone - INFO - 返回操作..............................................................
2020-02-04 20:56:59,885 - douyin_phone - INFO - 返回用户视频留言页面...................................................
2020-02-04 20:56:59,886 - douyin_phone - INFO - 完成第0用户关注---------------------------------------------------------------end

2020-02-04 20:56:59,886 - douyin_phone - INFO - 第1个有用户留言..................................................................
2020-02-04 20:57:05,191 - douyin_phone - INFO - 点击第1个用户出现异常...................................................
2020-02-04 20:57:05,192 - douyin_phone - INFO - 第2个有用户留言..................................................................
2020-02-04 20:57:14,362 - douyin_phone - INFO - 关注第2个有用户......................................................
2020-02-04 20:57:16,061 - douyin_phone - INFO - 私信第2个有用户......................................................
2020-02-04 20:57:17,873 - douyin_phone - INFO - 私信第2个用户......................................................
2020-02-04 20:57:21,112 - douyin_phone - INFO - 返回操作..............................................................
2020-02-04 20:57:21,642 - douyin_phone - INFO - 返回第2个用户关注页面...................................................
2020-02-04 20:57:21,642 - douyin_phone - INFO - 返回操作..............................................................
2020-02-04 20:57:22,085 - douyin_phone - INFO - 返回用户视频留言页面...................................................
2020-02-04 20:57:22,085 - douyin_phone - INFO - 完成第2用户关注---------------------------------------------------------------end

2020-02-04 20:57:22,085 - douyin_phone - INFO - 第3个有用户留言..................................................................
2020-02-04 20:57:26,184 - douyin_phone - INFO - 点击第3个用户出现异常...................................................
2020-02-04 20:57:26,185 - douyin_phone - INFO - 第4个有用户留言..................................................................
2020-02-04 20:57:33,561 - douyin_phone - INFO - 关注第4个有用户......................................................
2020-02-04 20:57:35,750 - douyin_phone - INFO - 私信第4个有用户......................................................
2020-02-04 20:57:37,537 - douyin_phone - INFO - 私信第4个用户......................................................
2020-02-04 20:57:40,795 - douyin_phone - INFO - 返回操作..............................................................
2020-02-04 20:57:41,323 - douyin_phone - INFO - 返回第4个用户关注页面...................................................
2020-02-04 20:57:41,324 - douyin_phone - INFO - 返回操作..............................................................
2020-02-04 20:57:41,759 - douyin_phone - INFO - 返回用户视频留言页面...................................................
2020-02-04 20:57:41,759 - douyin_phone - INFO - 完成第4用户关注---------------------------------------------------------------end

2020-02-04 20:57:41,759 - douyin_phone - INFO - 第5个有用户留言..................................................................
2020-02-04 20:57:46,800 - douyin_phone - INFO - 点击第5个用户出现异常...................................................
2020-02-04 20:57:49,912 - douyin_phone - INFO - 完成第3视频-----------------------------------------------------------------------------end

2020-02-04 20:57:50,912 - douyin_phone - INFO - 第4个视频..................................................................
2020-02-04 20:57:52,141 - douyin_phone - INFO - 点击回复按钮....................................................................
2020-02-04 20:57:53,713 - douyin_phone - INFO - str_ping_lun_total............................................------>:1
2020-02-04 20:57:53,713 - douyin_phone - INFO - 留言数量是...............................................................--->:1
2020-02-04 20:57:53,713 - douyin_phone - INFO - 如果设定的用户留言数大于整个留言数....................................................
2020-02-04 20:57:53,714 - douyin_phone - INFO - 第0个有用户留言..................................................................
2020-02-04 20:58:00,171 - douyin_phone - INFO - 关注第0个有用户......................................................
2020-02-04 20:58:02,262 - douyin_phone - INFO - 私信第0个有用户......................................................
2020-02-04 20:58:04,091 - douyin_phone - INFO - 私信第0个用户......................................................
2020-02-04 20:58:07,457 - douyin_phone - INFO - 返回操作..............................................................
2020-02-04 20:58:07,956 - douyin_phone - INFO - 返回第0个用户关注页面...................................................
2020-02-04 20:58:07,956 - douyin_phone - INFO - 返回操作..............................................................
2020-02-04 20:58:08,388 - douyin_phone - INFO - 返回用户视频留言页面...................................................
2020-02-04 20:58:08,388 - douyin_phone - INFO - 完成第0用户关注---------------------------------------------------------------end

2020-02-04 20:58:11,274 - douyin_phone - INFO - 完成第4视频-----------------------------------------------------------------------------end

2020-02-04 20:58:12,274 - douyin_phone - INFO - 第5个视频..................................................................
2020-02-04 20:58:13,431 - douyin_phone - INFO - 点击回复按钮....................................................................
2020-02-04 20:58:15,176 - douyin_phone - INFO - str_ping_lun_total............................................------>:11
2020-02-04 20:58:15,177 - douyin_phone - INFO - 留言数量是...............................................................--->:11
2020-02-04 20:58:15,177 - douyin_phone - INFO - 第0个有用户留言..................................................................
2020-02-04 20:58:23,521 - douyin_phone - INFO - 关注第0个有用户......................................................
2020-02-04 20:58:25,632 - douyin_phone - INFO - 私信第0个有用户......................................................
2020-02-04 20:58:27,426 - douyin_phone - INFO - 私信第0个用户......................................................
2020-02-04 20:58:30,743 - douyin_phone - INFO - 返回操作..............................................................
2020-02-04 20:58:31,243 - douyin_phone - INFO - 返回第0个用户关注页面...................................................
2020-02-04 20:58:31,243 - douyin_phone - INFO - 返回操作..............................................................
2020-02-04 20:58:31,680 - douyin_phone - INFO - 返回用户视频留言页面...................................................
2020-02-04 20:58:31,680 - douyin_phone - INFO - 完成第0用户关注---------------------------------------------------------------end

2020-02-04 20:58:31,681 - douyin_phone - INFO - 第1个有用户留言..................................................................
2020-02-04 20:58:36,513 - douyin_phone - INFO - 点击第1个用户出现异常...................................................
2020-02-04 20:58:36,513 - douyin_phone - INFO - 第2个有用户留言..................................................................
2020-02-04 20:58:41,566 - douyin_phone - INFO - 点击第2个用户出现异常...................................................
2020-02-04 20:58:41,566 - douyin_phone - INFO - 第3个有用户留言..................................................................
2020-02-04 20:58:50,091 - douyin_phone - INFO - 关注第3个有用户......................................................
2020-02-04 20:58:52,084 - douyin_phone - INFO - 私信第3个有用户......................................................
2020-02-04 20:58:53,889 - douyin_phone - INFO - 私信第3个用户......................................................
2020-02-04 20:58:57,337 - douyin_phone - INFO - 返回操作..............................................................
2020-02-04 20:58:57,847 - douyin_phone - INFO - 返回第3个用户关注页面...................................................
2020-02-04 20:58:57,848 - douyin_phone - INFO - 返回操作..............................................................
2020-02-04 20:58:58,236 - douyin_phone - INFO - 返回用户视频留言页面...................................................
2020-02-04 20:58:58,237 - douyin_phone - INFO - 完成第3用户关注---------------------------------------------------------------end

2020-02-04 20:58:58,237 - douyin_phone - INFO - 第4个有用户留言..................................................................
2020-02-04 20:59:03,223 - douyin_phone - INFO - 点击第4个用户出现异常...................................................
2020-02-04 20:59:03,223 - douyin_phone - INFO - 第5个有用户留言..................................................................
2020-02-04 20:59:08,176 - douyin_phone - INFO - 点击第5个用户出现异常...................................................
2020-02-04 20:59:10,343 - douyin_phone - INFO - 完成第5视频-----------------------------------------------------------------------------end

2020-02-04 20:59:11,343 - douyin_phone - INFO - 第6个视频..................................................................
2020-02-04 20:59:12,552 - douyin_phone - INFO - 点击回复按钮....................................................................
2020-02-04 20:59:15,193 - douyin_phone - INFO - 留言数为0....................................................................
2020-02-04 20:59:15,694 - douyin_phone - INFO - 留言数为0，会提示输入留言，关闭留言窗口......................................
2020-02-04 20:59:17,894 - douyin_phone - INFO - 留言数为0，关闭留言窗口......................................................
2020-02-04 20:59:17,894 - douyin_phone - INFO - 第7个视频..................................................................
2020-02-04 20:59:19,016 - douyin_phone - INFO - 点击回复按钮....................................................................
2020-02-04 20:59:21,014 - douyin_phone - INFO - str_ping_lun_total............................................------>:1
2020-02-04 20:59:21,014 - douyin_phone - INFO - 留言数量是...............................................................--->:1
2020-02-04 20:59:21,014 - douyin_phone - INFO - 如果设定的用户留言数大于整个留言数....................................................
2020-02-04 20:59:21,014 - douyin_phone - INFO - 第0个有用户留言..................................................................
2020-02-04 20:59:29,338 - douyin_phone - INFO - 关注第0个有用户......................................................
2020-02-04 20:59:31,333 - douyin_phone - INFO - 私信第0个有用户......................................................
2020-02-04 20:59:33,136 - douyin_phone - INFO - 私信第0个用户......................................................
2020-02-04 20:59:36,494 - douyin_phone - INFO - 返回操作..............................................................
2020-02-04 20:59:36,958 - douyin_phone - INFO - 返回第0个用户关注页面...................................................
2020-02-04 20:59:36,958 - douyin_phone - INFO - 返回操作..............................................................
2020-02-04 20:59:37,334 - douyin_phone - INFO - 返回用户视频留言页面...................................................
2020-02-04 20:59:37,334 - douyin_phone - INFO - 完成第0用户关注---------------------------------------------------------------end

2020-02-04 20:59:38,754 - douyin_phone - INFO - 完成第7视频-----------------------------------------------------------------------------end

2020-02-04 20:59:39,756 - douyin_phone - INFO - 第8个视频..................................................................
2020-02-04 20:59:40,871 - douyin_phone - INFO - 点击回复按钮....................................................................
2020-02-04 20:59:42,927 - douyin_phone - INFO - str_ping_lun_total............................................------>:1
2020-02-04 20:59:42,927 - douyin_phone - INFO - 留言数量是...............................................................--->:1
2020-02-04 20:59:42,927 - douyin_phone - INFO - 如果设定的用户留言数大于整个留言数....................................................
2020-02-04 20:59:42,927 - douyin_phone - INFO - 第0个有用户留言..................................................................
2020-02-04 20:59:50,264 - douyin_phone - INFO - 关注第0个有用户......................................................
2020-02-04 20:59:52,293 - douyin_phone - INFO - 私信第0个有用户......................................................
2020-02-04 20:59:54,075 - douyin_phone - INFO - 私信第0个用户......................................................
2020-02-04 20:59:57,425 - douyin_phone - INFO - 返回操作..............................................................
2020-02-04 20:59:57,918 - douyin_phone - INFO - 返回第0个用户关注页面...................................................
2020-02-04 20:59:57,918 - douyin_phone - INFO - 返回操作..............................................................
2020-02-04 20:59:58,353 - douyin_phone - INFO - 返回用户视频留言页面...................................................
2020-02-04 20:59:58,354 - douyin_phone - INFO - 完成第0用户关注---------------------------------------------------------------end

2020-02-04 20:59:59,674 - douyin_phone - INFO - 完成第8视频-----------------------------------------------------------------------------end

2020-02-04 21:00:00,676 - douyin_phone - INFO - 第9个视频..................................................................
2020-02-04 21:00:01,769 - douyin_phone - INFO - 点击回复按钮....................................................................
2020-02-04 21:00:04,640 - douyin_phone - ERROR - 留言数异常......................................................................
2020-02-04 21:00:06,418 - douyin_phone - ERROR - 留言数异常,关闭留言窗口.........................................................
2020-02-04 21:00:06,419 - douyin_phone - INFO - 留言数量是...............................................................--->:0
2020-02-04 21:00:06,419 - douyin_phone - INFO - 第10个视频..................................................................
2020-02-04 21:00:07,450 - douyin_phone - INFO - 点击回复按钮....................................................................
2020-02-04 21:00:08,827 - douyin_phone - ERROR - 留言数异常......................................................................
2020-02-04 21:00:10,154 - douyin_phone - ERROR - 留言数异常,关闭留言窗口.........................................................
2020-02-04 21:00:10,154 - douyin_phone - INFO - 留言数量是...............................................................--->:0
2020-02-04 21:00:10,155 - douyin_phone - INFO - 第11个视频..................................................................
2020-02-04 21:00:11,332 - douyin_phone - INFO - 点击回复按钮....................................................................
2020-02-04 21:00:13,946 - douyin_phone - INFO - 留言数为0....................................................................
2020-02-04 21:00:14,456 - douyin_phone - INFO - 留言数为0，会提示输入留言，关闭留言窗口......................................
2020-02-04 21:00:16,805 - douyin_phone - INFO - 留言数为0，关闭留言窗口......................................................
2020-02-04 21:00:16,805 - douyin_phone - INFO - 第12个视频..................................................................
2020-02-04 21:00:17,891 - douyin_phone - INFO - 点击回复按钮....................................................................
2020-02-04 21:00:20,398 - douyin_phone - INFO - 留言数为0....................................................................
2020-02-04 21:00:20,948 - douyin_phone - INFO - 留言数为0，会提示输入留言，关闭留言窗口......................................
2020-02-04 21:00:22,325 - douyin_phone - INFO - 留言数为0，关闭留言窗口......................................................
2020-02-04 21:00:22,325 - douyin_phone - INFO - 第13个视频..................................................................
2020-02-04 21:00:23,509 - douyin_phone - INFO - 点击回复按钮....................................................................
2020-02-04 21:00:25,648 - douyin_phone - INFO - str_ping_lun_total............................................------>:68
2020-02-04 21:00:25,649 - douyin_phone - INFO - 留言数量是...............................................................--->:68
2020-02-04 21:00:25,649 - douyin_phone - INFO - 第0个有用户留言..................................................................
2020-02-04 21:00:33,488 - douyin_phone - INFO - 关注第0个有用户......................................................
2020-02-04 21:00:35,653 - douyin_phone - INFO - 私信第0个有用户......................................................
2020-02-04 21:00:37,448 - douyin_phone - INFO - 私信第0个用户......................................................
2020-02-04 21:00:40,773 - douyin_phone - INFO - 返回操作..............................................................
2020-02-04 21:00:41,333 - douyin_phone - INFO - 返回第0个用户关注页面...................................................
2020-02-04 21:00:41,334 - douyin_phone - INFO - 返回操作..............................................................
2020-02-04 21:00:41,772 - douyin_phone - INFO - 返回用户视频留言页面...................................................
2020-02-04 21:00:41,803 - douyin_phone - INFO - 完成第0用户关注---------------------------------------------------------------end

2020-02-04 21:00:41,803 - douyin_phone - INFO - 第1个有用户留言..................................................................
2020-02-04 21:00:46,729 - douyin_phone - INFO - 点击第1个用户出现异常...................................................
2020-02-04 21:00:46,729 - douyin_phone - INFO - 第2个有用户留言..................................................................
2020-02-04 21:00:50,884 - douyin_phone - INFO - 点击第2个用户出现异常...................................................
2020-02-04 21:00:50,885 - douyin_phone - INFO - 第3个有用户留言..................................................................
2020-02-04 21:00:58,740 - douyin_phone - INFO - 关注第3个有用户......................................................
2020-02-04 21:01:01,247 - douyin_phone - INFO - 私信第3个有用户不成功................................................
2020-02-04 21:01:01,247 - douyin_phone - INFO - 返回操作..............................................................
2020-02-04 21:01:06,691 - douyin_phone - INFO - 返回操作..............................................................
2020-02-04 21:01:07,149 - douyin_phone - INFO - 返回第3个用户关注页面...................................................
2020-02-04 21:01:07,150 - douyin_phone - INFO - 返回操作..............................................................
2020-02-04 21:01:07,649 - douyin_phone - INFO - 返回用户视频留言页面...................................................
2020-02-04 21:01:07,650 - douyin_phone - INFO - 完成第3用户关注---------------------------------------------------------------end

2020-02-04 21:01:07,650 - douyin_phone - INFO - 第4个有用户留言..................................................................
2020-02-04 21:01:11,887 - douyin_phone - INFO - 点击第4个用户出现异常...................................................
2020-02-04 21:01:11,887 - douyin_phone - INFO - 第5个有用户留言..................................................................
2020-02-04 21:01:16,076 - douyin_phone - INFO - 点击第5个用户出现异常...................................................
2020-02-04 21:01:17,833 - douyin_phone - INFO - 完成第13视频-----------------------------------------------------------------------------end

2020-02-04 21:01:18,833 - douyin_phone - INFO - 第14个视频..................................................................
2020-02-04 21:01:19,843 - douyin_phone - INFO - 点击回复按钮....................................................................
2020-02-04 21:01:21,197 - douyin_phone - INFO - str_ping_lun_total............................................------>:3
2020-02-04 21:01:21,197 - douyin_phone - INFO - 留言数量是...............................................................--->:3
2020-02-04 21:01:21,198 - douyin_phone - INFO - 如果设定的用户留言数大于整个留言数....................................................
2020-02-04 21:01:21,198 - douyin_phone - INFO - 第0个有用户留言..................................................................
2020-02-04 21:01:28,445 - douyin_phone - INFO - 关注第0个有用户......................................................
2020-02-04 21:01:30,543 - douyin_phone - INFO - 私信第0个有用户......................................................
2020-02-04 21:01:32,362 - douyin_phone - INFO - 私信第0个用户......................................................
2020-02-04 21:01:35,746 - douyin_phone - INFO - 返回操作..............................................................
2020-02-04 21:01:36,304 - douyin_phone - INFO - 返回第0个用户关注页面...................................................
2020-02-04 21:01:36,328 - douyin_phone - INFO - 返回操作..............................................................
2020-02-04 21:01:36,716 - douyin_phone - INFO - 返回用户视频留言页面...................................................
2020-02-04 21:01:36,717 - douyin_phone - INFO - 完成第0用户关注---------------------------------------------------------------end

2020-02-04 21:01:36,717 - douyin_phone - INFO - 第1个有用户留言..................................................................
2020-02-04 21:01:41,733 - douyin_phone - INFO - 点击第1个用户出现异常...................................................
2020-02-04 21:01:41,734 - douyin_phone - INFO - 第2个有用户留言..................................................................
2020-02-04 21:01:50,430 - douyin_phone - INFO - 关注第2个有用户......................................................
2020-02-04 21:01:52,473 - douyin_phone - INFO - 私信第2个有用户......................................................
2020-02-04 21:01:54,298 - douyin_phone - INFO - 私信第2个用户......................................................
2020-02-04 21:01:57,706 - douyin_phone - INFO - 返回操作..............................................................
2020-02-04 21:01:58,241 - douyin_phone - INFO - 返回第2个用户关注页面...................................................
2020-02-04 21:01:58,241 - douyin_phone - INFO - 返回操作..............................................................
2020-02-04 21:01:58,620 - douyin_phone - INFO - 返回用户视频留言页面...................................................
2020-02-04 21:01:58,621 - douyin_phone - INFO - 完成第2用户关注---------------------------------------------------------------end

2020-02-04 21:01:58,723 - douyin_phone - INFO - 在用户关注页面，需要返回
2020-02-04 21:01:58,723 - douyin_phone - INFO - 返回操作..............................................................
2020-02-04 21:01:59,189 - douyin_phone - INFO - 返回视频留言页面..............................................................
2020-02-04 21:02:00,706 - douyin_phone - INFO - 完成第14视频-----------------------------------------------------------------------------end

2020-02-04 21:02:01,706 - douyin_phone - INFO - 第15个视频..................................................................
2020-02-04 21:02:02,787 - douyin_phone - INFO - 点击回复按钮....................................................................
2020-02-04 21:02:04,777 - douyin_phone - INFO - str_ping_lun_total............................................------>:12
2020-02-04 21:02:04,777 - douyin_phone - INFO - 留言数量是...............................................................--->:12
2020-02-04 21:02:04,777 - douyin_phone - INFO - 第0个有用户留言..................................................................
2020-02-04 21:02:14,872 - douyin_phone - INFO - 关注第0个有用户......................................................
2020-02-04 21:02:16,864 - douyin_phone - INFO - 私信第0个有用户......................................................
2020-02-04 21:02:18,674 - douyin_phone - INFO - 私信第0个用户......................................................
2020-02-04 21:02:21,934 - douyin_phone - INFO - 返回操作..............................................................
2020-02-04 21:02:22,447 - douyin_phone - INFO - 返回第0个用户关注页面...................................................
2020-02-04 21:02:22,448 - douyin_phone - INFO - 返回操作..............................................................
2020-02-04 21:02:22,873 - douyin_phone - INFO - 返回用户视频留言页面...................................................
2020-02-04 21:02:22,874 - douyin_phone - INFO - 完成第0用户关注---------------------------------------------------------------end

2020-02-04 21:02:22,874 - douyin_phone - INFO - 第1个有用户留言..................................................................
2020-02-04 21:02:28,085 - douyin_phone - INFO - 点击第1个用户出现异常...................................................
2020-02-04 21:02:28,085 - douyin_phone - INFO - 第2个有用户留言..................................................................
2020-02-04 21:02:33,218 - douyin_phone - INFO - 点击第2个用户出现异常...................................................
2020-02-04 21:02:33,218 - douyin_phone - INFO - 第3个有用户留言..................................................................
2020-02-04 21:02:41,846 - douyin_phone - INFO - 关注第3个有用户......................................................
2020-02-04 21:02:43,924 - douyin_phone - INFO - 私信第3个有用户......................................................
2020-02-04 21:02:45,697 - douyin_phone - INFO - 私信第3个用户......................................................
2020-02-04 21:02:49,006 - douyin_phone - INFO - 返回操作..............................................................
2020-02-04 21:02:49,494 - douyin_phone - INFO - 返回第3个用户关注页面...................................................
2020-02-04 21:02:49,494 - douyin_phone - INFO - 返回操作..............................................................
2020-02-04 21:02:49,919 - douyin_phone - INFO - 返回用户视频留言页面...................................................
2020-02-04 21:02:49,939 - douyin_phone - INFO - 完成第3用户关注---------------------------------------------------------------end

2020-02-04 21:02:49,939 - douyin_phone - INFO - 第4个有用户留言..................................................................
2020-02-04 21:02:57,076 - douyin_phone - INFO - 关注第4个有用户......................................................
2020-02-04 21:02:58,816 - douyin_phone - INFO - 私信第4个有用户......................................................
2020-02-04 21:03:00,653 - douyin_phone - INFO - 私信第4个用户......................................................
2020-02-04 21:03:03,996 - douyin_phone - INFO - 返回操作..............................................................
2020-02-04 21:03:04,486 - douyin_phone - INFO - 返回第4个用户关注页面...................................................
2020-02-04 21:03:04,486 - douyin_phone - INFO - 返回操作..............................................................
2020-02-04 21:03:04,923 - douyin_phone - INFO - 返回用户视频留言页面...................................................
2020-02-04 21:03:04,924 - douyin_phone - INFO - 完成第4用户关注---------------------------------------------------------------end

2020-02-04 21:03:04,924 - douyin_phone - INFO - 第5个有用户留言..................................................................
2020-02-04 21:03:14,079 - douyin_phone - INFO - 关注第5个有用户......................................................
2020-02-04 21:03:16,443 - douyin_phone - INFO - 私信第5个有用户不成功................................................
2020-02-04 21:03:16,444 - douyin_phone - INFO - 返回操作..............................................................
2020-02-04 21:03:21,878 - douyin_phone - INFO - 返回操作..............................................................
2020-02-04 21:03:22,382 - douyin_phone - INFO - 返回第5个用户关注页面...................................................
2020-02-04 21:03:22,382 - douyin_phone - INFO - 返回操作..............................................................
2020-02-04 21:03:22,884 - douyin_phone - INFO - 返回用户视频留言页面...................................................
2020-02-04 21:03:22,885 - douyin_phone - INFO - 完成第5用户关注---------------------------------------------------------------end

2020-02-04 21:03:24,484 - douyin_phone - INFO - 完成第15视频-----------------------------------------------------------------------------end

2020-02-04 21:03:25,484 - douyin_phone - INFO - 第16个视频..................................................................
2020-02-04 21:03:26,439 - douyin_phone - INFO - 点击回复按钮....................................................................
2020-02-04 21:03:28,228 - douyin_phone - INFO - str_ping_lun_total............................................------>:3
2020-02-04 21:03:28,228 - douyin_phone - INFO - 留言数量是...............................................................--->:3
2020-02-04 21:03:28,229 - douyin_phone - INFO - 如果设定的用户留言数大于整个留言数....................................................
2020-02-04 21:03:28,229 - douyin_phone - INFO - 第0个有用户留言..................................................................
2020-02-04 21:03:32,435 - douyin_phone - INFO - 第0个有用户已经关注了或者需要请求，返回......................................................
2020-02-04 21:03:32,435 - douyin_phone - INFO - 返回操作..............................................................
2020-02-04 21:03:37,691 - douyin_phone - INFO - 关注第0个有用户不成功................................................
2020-02-04 21:03:37,691 - douyin_phone - INFO - 返回操作..............................................................
2020-02-04 21:03:40,711 - douyin_phone - INFO - 私信第0个有用户不成功................................................
2020-02-04 21:03:40,712 - douyin_phone - INFO - 返回操作..............................................................
2020-02-04 21:03:44,431 - douyin_phone - INFO - 返回操作..............................................................
2020-02-04 21:03:44,928 - douyin_phone - INFO - 返回第0个用户关注页面...................................................
2020-02-04 21:03:44,928 - douyin_phone - INFO - 返回操作..............................................................
2020-02-04 21:03:45,406 - douyin_phone - INFO - 返回用户视频留言页面...................................................
2020-02-04 21:03:45,406 - douyin_phone - INFO - 完成第0用户关注---------------------------------------------------------------end

2020-02-04 21:03:45,407 - douyin_phone - INFO - 第1个有用户留言..................................................................
2020-02-04 21:03:49,597 - douyin_phone - INFO - 点击第1个用户出现异常...................................................
2020-02-04 21:03:49,597 - douyin_phone - INFO - 第2个有用户留言..................................................................
2020-02-04 21:03:53,808 - douyin_phone - INFO - 点击第2个用户出现异常...................................................
2020-02-04 21:03:55,574 - douyin_phone - INFO - 完成第16视频-----------------------------------------------------------------------------end

2020-02-04 21:03:56,575 - douyin_phone - INFO - 第17个视频..................................................................
2020-02-04 21:03:57,575 - douyin_phone - INFO - 点击回复按钮....................................................................
2020-02-04 21:03:58,910 - douyin_phone - INFO - str_ping_lun_total............................................------>:3
2020-02-04 21:03:58,910 - douyin_phone - INFO - 留言数量是...............................................................--->:3
2020-02-04 21:03:58,910 - douyin_phone - INFO - 如果设定的用户留言数大于整个留言数....................................................
2020-02-04 21:03:58,910 - douyin_phone - INFO - 第0个有用户留言..................................................................
2020-02-04 21:04:03,125 - douyin_phone - INFO - 第0个有用户已经关注了或者需要请求，返回......................................................
2020-02-04 21:04:03,126 - douyin_phone - INFO - 返回操作..............................................................
2020-02-04 21:04:09,994 - douyin_phone - INFO - 关注第0个有用户不成功................................................
2020-02-04 21:04:09,995 - douyin_phone - INFO - 返回操作..............................................................
2020-02-04 21:04:13,422 - douyin_phone - INFO - 私信第0个有用户不成功................................................
2020-02-04 21:04:13,423 - douyin_phone - INFO - 返回操作..............................................................
2020-02-04 21:04:17,069 - douyin_phone - INFO - 返回操作..............................................................
2020-02-04 21:04:17,580 - douyin_phone - INFO - 返回第0个用户关注页面...................................................
2020-02-04 21:04:17,581 - douyin_phone - INFO - 返回操作..............................................................
2020-02-04 21:04:18,076 - douyin_phone - INFO - 返回用户视频留言页面...................................................
2020-02-04 21:04:18,076 - douyin_phone - INFO - 完成第0用户关注---------------------------------------------------------------end

2020-02-04 21:04:18,077 - douyin_phone - INFO - 第1个有用户留言..................................................................
2020-02-04 21:04:22,294 - douyin_phone - INFO - 点击第1个用户出现异常...................................................
2020-02-04 21:04:22,294 - douyin_phone - INFO - 第2个有用户留言..................................................................
2020-02-04 21:04:26,452 - douyin_phone - INFO - 点击第2个用户出现异常...................................................
2020-02-04 21:04:28,204 - douyin_phone - INFO - 完成第17视频-----------------------------------------------------------------------------end

2020-02-04 21:04:29,206 - douyin_phone - INFO - 第18个视频..................................................................
2020-02-04 21:04:30,185 - douyin_phone - INFO - 点击回复按钮....................................................................
2020-02-04 21:04:31,811 - douyin_phone - INFO - str_ping_lun_total............................................------>:3
2020-02-04 21:04:31,811 - douyin_phone - INFO - 留言数量是...............................................................--->:3
2020-02-04 21:04:31,811 - douyin_phone - INFO - 如果设定的用户留言数大于整个留言数....................................................
2020-02-04 21:04:31,812 - douyin_phone - INFO - 第0个有用户留言..................................................................
2020-02-04 21:04:35,912 - douyin_phone - INFO - 第0个有用户已经关注了或者需要请求，返回......................................................
2020-02-04 21:04:35,912 - douyin_phone - INFO - 返回操作..............................................................
2020-02-04 21:04:42,712 - douyin_phone - INFO - 关注第0个有用户不成功................................................
2020-02-04 21:04:42,713 - douyin_phone - INFO - 返回操作..............................................................
2020-02-04 21:04:46,246 - douyin_phone - INFO - 私信第0个有用户不成功................................................
2020-02-04 21:04:46,247 - douyin_phone - INFO - 返回操作..............................................................
2020-02-04 21:04:49,910 - douyin_phone - INFO - 返回操作..............................................................
2020-02-04 21:04:50,370 - douyin_phone - INFO - 返回第0个用户关注页面...................................................
2020-02-04 21:04:50,370 - douyin_phone - INFO - 返回操作..............................................................
2020-02-04 21:04:50,857 - douyin_phone - INFO - 返回用户视频留言页面...................................................
2020-02-04 21:04:50,857 - douyin_phone - INFO - 完成第0用户关注---------------------------------------------------------------end

2020-02-04 21:04:50,858 - douyin_phone - INFO - 第1个有用户留言..................................................................
2020-02-04 21:47:18,306 - douyin_phone - INFO - 连接手机..............................................................7460300e
2020-02-04 21:47:21,135 - douyin_phone - INFO - 程序初始化......................................................................
2020-02-04 21:47:28,202 - douyin_phone - INFO - 连接手机..............................................................7460300e
2020-02-04 21:47:30,572 - douyin_phone - INFO - 程序初始化......................................................................
2020-02-04 21:47:41,309 - douyin_phone - INFO - 启动抖音程序....................................................................
2020-02-04 21:47:41,309 - douyin_phone - INFO - 第0个视频..................................................................
2020-02-04 21:47:42,571 - douyin_phone - INFO - 点击回复按钮....................................................................
2020-02-04 21:47:44,721 - douyin_phone - INFO - str_ping_lun_total............................................------>:25
2020-02-04 21:47:44,721 - douyin_phone - INFO - 留言数量是...............................................................--->:25
2020-02-04 21:47:44,722 - douyin_phone - INFO - 第0个有用户留言..................................................................
2020-02-04 21:47:50,518 - douyin_phone - INFO - 第0个有用户已经关注了或者需要请求，返回......................................................
2020-02-04 21:47:50,518 - douyin_phone - INFO - 返回操作..............................................................
2020-02-04 21:47:57,787 - douyin_phone - INFO - 关注第0个有用户不成功................................................
2020-02-04 21:47:57,787 - douyin_phone - INFO - 返回操作..............................................................
2020-02-04 21:48:01,758 - douyin_phone - INFO - 私信第0个有用户不成功................................................
2020-02-04 21:48:01,758 - douyin_phone - INFO - 返回操作..............................................................
2020-02-04 21:48:05,456 - douyin_phone - INFO - 返回操作..............................................................
2020-02-04 21:48:05,979 - douyin_phone - INFO - 返回第0个用户关注页面...................................................
2020-02-04 21:48:05,980 - douyin_phone - INFO - 返回操作..............................................................
2020-02-04 21:49:06,673 - douyin_phone - INFO - 连接手机..............................................................7460300e
2020-02-04 21:49:09,052 - douyin_phone - INFO - 程序初始化......................................................................
2020-02-04 21:49:19,809 - douyin_phone - INFO - 启动抖音程序....................................................................
2020-02-04 21:49:19,810 - douyin_phone - INFO - 第0个视频..................................................................
2020-02-04 21:49:20,803 - douyin_phone - INFO - 点击回复按钮....................................................................
2020-02-04 21:49:22,691 - douyin_phone - INFO - str_ping_lun_total............................................------>:3
2020-02-04 21:49:22,691 - douyin_phone - INFO - 留言数量是...............................................................--->:3
2020-02-04 21:49:22,691 - douyin_phone - INFO - 如果设定的用户留言数大于整个留言数....................................................
2020-02-04 21:49:22,691 - douyin_phone - INFO - 第0个有用户留言..................................................................
2020-02-04 21:49:28,503 - douyin_phone - INFO - 关注第0个有用户......................................................
2020-02-04 21:49:30,622 - douyin_phone - INFO - 私信第0个有用户......................................................
2020-02-04 21:49:32,474 - douyin_phone - INFO - 私信第0个用户......................................................
2020-02-04 21:49:35,856 - douyin_phone - INFO - 返回操作..............................................................
2020-02-04 21:49:36,351 - douyin_phone - INFO - 返回第0个用户关注页面...................................................
2020-02-04 21:49:36,351 - douyin_phone - INFO - 返回操作..............................................................
2020-02-04 21:49:36,770 - douyin_phone - INFO - 返回用户视频留言页面...................................................
2020-02-04 21:49:36,771 - douyin_phone - INFO - 完成第0用户关注---------------------------------------------------------------end

2020-02-04 21:49:36,771 - douyin_phone - INFO - 第1个有用户留言..................................................................
2020-02-04 21:49:45,989 - douyin_phone - INFO - 关注第1个有用户......................................................
2020-02-04 21:49:48,099 - douyin_phone - INFO - 私信第1个有用户......................................................
2020-02-04 21:49:49,885 - douyin_phone - INFO - 私信第1个用户......................................................
2020-02-04 21:49:53,252 - douyin_phone - INFO - 返回操作..............................................................
2020-02-04 21:49:53,793 - douyin_phone - INFO - 返回第1个用户关注页面...................................................
2020-02-04 21:49:53,794 - douyin_phone - INFO - 返回操作..............................................................
2020-02-04 21:49:54,225 - douyin_phone - INFO - 返回用户视频留言页面...................................................
2020-02-04 21:49:54,226 - douyin_phone - INFO - 完成第1用户关注---------------------------------------------------------------end

2020-02-04 21:49:54,226 - douyin_phone - INFO - 第2个有用户留言..................................................................
2020-02-04 21:49:59,434 - douyin_phone - INFO - 关注第2个有用户......................................................
2020-02-04 21:50:01,528 - douyin_phone - INFO - 私信第2个有用户......................................................
2020-02-04 21:50:03,349 - douyin_phone - INFO - 私信第2个用户......................................................
2020-02-04 21:50:06,602 - douyin_phone - INFO - 返回操作..............................................................
2020-02-04 21:50:07,094 - douyin_phone - INFO - 返回第2个用户关注页面...................................................
2020-02-04 21:50:07,095 - douyin_phone - INFO - 返回操作..............................................................
2020-02-04 21:50:07,539 - douyin_phone - INFO - 返回用户视频留言页面...................................................
2020-02-04 21:50:07,539 - douyin_phone - INFO - 完成第2用户关注---------------------------------------------------------------end

2020-02-04 21:50:07,618 - douyin_phone - INFO - 在用户关注页面，需要返回
2020-02-04 21:50:07,618 - douyin_phone - INFO - 返回操作..............................................................
2020-02-04 21:50:08,063 - douyin_phone - INFO - 返回视频留言页面..............................................................
2020-02-04 21:50:09,981 - douyin_phone - INFO - 完成第0视频-----------------------------------------------------------------------------end

2020-02-04 21:50:10,981 - douyin_phone - INFO - 第1个视频..................................................................
2020-02-04 21:50:11,944 - douyin_phone - INFO - 第2个视频..................................................................
2020-02-04 21:50:13,816 - douyin_phone - INFO - 第3个视频..................................................................
2020-02-04 21:50:15,129 - douyin_phone - INFO - 第4个视频..................................................................
2020-02-04 21:50:16,146 - douyin_phone - INFO - 点击回复按钮....................................................................
2020-02-04 21:50:18,543 - douyin_phone - INFO - 留言数为0....................................................................
2020-02-04 21:50:19,035 - douyin_phone - INFO - 留言数为0，会提示输入留言，关闭留言窗口......................................
2020-02-04 21:50:20,891 - douyin_phone - INFO - 留言数为0，关闭留言窗口......................................................
2020-02-04 21:50:20,891 - douyin_phone - INFO - 第5个视频..................................................................
2020-02-04 21:50:21,913 - douyin_phone - INFO - 点击回复按钮....................................................................
2020-02-04 21:50:23,844 - douyin_phone - INFO - str_ping_lun_total............................................------>:1
2020-02-04 21:50:23,844 - douyin_phone - INFO - 留言数量是...............................................................--->:1
2020-02-04 21:50:23,844 - douyin_phone - INFO - 如果设定的用户留言数大于整个留言数....................................................
2020-02-04 21:50:23,845 - douyin_phone - INFO - 第0个有用户留言..................................................................
2020-02-04 21:50:29,873 - douyin_phone - INFO - com.ss.android.ugc.aweme:id/axp第0个有用户异常，返回....................................................................
2020-02-04 21:50:29,873 - douyin_phone - INFO - 返回操作..............................................................
2020-02-04 21:50:32,897 - douyin_phone - INFO - 关注第0个有用户不成功................................................
2020-02-04 21:50:32,897 - douyin_phone - INFO - 返回操作..............................................................
2020-02-04 21:50:36,294 - douyin_phone - INFO - 私信第0个有用户不成功................................................
2020-02-04 21:50:36,294 - douyin_phone - INFO - 返回操作..............................................................
2020-02-04 21:50:39,992 - douyin_phone - INFO - 返回操作..............................................................
2020-02-04 21:50:40,475 - douyin_phone - INFO - 返回第0个用户关注页面...................................................
2020-02-04 21:50:40,475 - douyin_phone - INFO - 返回操作..............................................................
2020-02-04 21:51:19,227 - douyin_phone - INFO - 连接手机..............................................................7460300e
2020-02-04 21:51:21,597 - douyin_phone - INFO - 程序初始化......................................................................
2020-02-04 21:51:32,620 - douyin_phone - INFO - 启动抖音程序....................................................................
2020-02-04 21:51:32,620 - douyin_phone - INFO - 第0个视频..................................................................
2020-02-04 21:51:33,794 - douyin_phone - INFO - 点击回复按钮....................................................................
2020-02-04 21:51:36,684 - douyin_phone - ERROR - 留言数异常......................................................................
2020-02-04 21:51:38,368 - douyin_phone - ERROR - 留言数异常,关闭留言窗口.........................................................
2020-02-04 21:51:38,369 - douyin_phone - INFO - 留言数量是...............................................................--->:0
2020-02-04 21:51:38,369 - douyin_phone - INFO - 第1个视频..................................................................
2020-02-04 21:51:39,400 - douyin_phone - INFO - 点击回复按钮....................................................................
2020-02-04 21:51:41,054 - douyin_phone - ERROR - 留言数异常......................................................................
2020-02-04 21:51:42,681 - douyin_phone - ERROR - 留言数异常,关闭留言窗口.........................................................
2020-02-04 21:51:42,682 - douyin_phone - INFO - 留言数量是...............................................................--->:0
2020-02-04 21:51:42,682 - douyin_phone - INFO - 第2个视频..................................................................
2020-02-04 21:51:43,826 - douyin_phone - INFO - 第3个视频..................................................................
2020-02-04 21:51:45,014 - douyin_phone - INFO - 点击回复按钮....................................................................
2020-02-04 21:51:47,662 - douyin_phone - INFO - 留言数为0....................................................................
2020-02-04 21:51:48,244 - douyin_phone - INFO - 留言数为0，会提示输入留言，关闭留言窗口......................................
2020-02-04 21:51:50,542 - douyin_phone - INFO - 留言数为0，关闭留言窗口......................................................
2020-02-04 21:51:50,542 - douyin_phone - INFO - 第4个视频..................................................................
2020-02-04 21:51:51,640 - douyin_phone - INFO - 点击回复按钮....................................................................
2020-02-04 21:51:53,714 - douyin_phone - INFO - str_ping_lun_total............................................------>:4965
2020-02-04 21:51:53,715 - douyin_phone - INFO - 留言数量是...............................................................--->:4965
2020-02-04 21:51:53,715 - douyin_phone - INFO - 第0个有用户留言..................................................................
2020-02-04 21:52:02,513 - douyin_phone - INFO - 关注第0个有用户......................................................
2020-02-04 21:52:04,730 - douyin_phone - INFO - 私信第0个有用户......................................................
2020-02-04 21:52:06,547 - douyin_phone - INFO - 私信第0个用户......................................................
2020-02-04 21:52:10,133 - douyin_phone - INFO - 返回操作..............................................................
2020-02-04 21:52:10,731 - douyin_phone - INFO - 返回第0个用户关注页面...................................................
2020-02-04 21:52:10,731 - douyin_phone - INFO - 返回操作..............................................................
2020-02-04 21:52:11,110 - douyin_phone - INFO - 返回用户视频留言页面...................................................
2020-02-04 21:52:11,111 - douyin_phone - INFO - 完成第0用户关注---------------------------------------------------------------end

2020-02-04 21:52:11,111 - douyin_phone - INFO - 第1个有用户留言..................................................................
2020-02-04 21:52:21,382 - douyin_phone - INFO - 点击第1个用户出现异常...................................................
2020-02-04 21:52:21,383 - douyin_phone - INFO - 第2个有用户留言..................................................................
2020-02-04 21:52:29,668 - douyin_phone - INFO - 关注第2个有用户......................................................
2020-02-04 21:52:32,075 - douyin_phone - INFO - 私信第2个有用户不成功................................................
2020-02-04 21:52:32,075 - douyin_phone - INFO - 返回操作..............................................................
2020-02-04 21:52:32,733 - douyin_phone - INFO - 第3个有用户留言..................................................................
